2016-05-04 15:01:00.121+0000 INFO  [o.n.k.i.f.CommunityFacadeFactory] No locking implementation specified, defaulting to 'community'
2016-05-04 15:01:00.197+0000 WARN  [o.n.k.i.s.f.RecordFormatSelector] Select org.neo4j.kernel.impl.store.format.standard.StandardV3_0 as record format implementation.
2016-05-04 15:01:00.206+0000 INFO  [o.n.k.AvailabilityGuard] Requirement makes database unavailable: Database available
2016-05-04 15:01:00.228+0000 INFO  [o.n.k.i.DiagnosticsManager] --- INITIALIZED diagnostics START ---
2016-05-04 15:01:00.228+0000 INFO  [o.n.k.i.DiagnosticsManager] Neo4j Kernel properties:
2016-05-04 15:01:00.228+0000 INFO  [o.n.k.i.DiagnosticsManager] dbms.connector.http.enabled=true
2016-05-04 15:01:00.228+0000 INFO  [o.n.k.i.DiagnosticsManager] unsupported.dbms.block_size.labels=56
2016-05-04 15:01:00.228+0000 INFO  [o.n.k.i.DiagnosticsManager] dbms.security.auth_enabled=false
2016-05-04 15:01:00.229+0000 INFO  [o.n.k.i.DiagnosticsManager] dbms.connector.bolt.type=BOLT
2016-05-04 15:01:00.229+0000 INFO  [o.n.k.i.DiagnosticsManager] unsupported.dbms.directories.neo4j_home=/Users/catalin.tanasescu/Projects/snippets/neodb/bin/neo4j-community-3.0.0
2016-05-04 15:01:00.229+0000 INFO  [o.n.k.i.DiagnosticsManager] dbms.directories.import=import
2016-05-04 15:01:00.229+0000 INFO  [o.n.k.i.DiagnosticsManager] dbms.connector.bolt.tls_level=OPTIONAL
2016-05-04 15:01:00.229+0000 INFO  [o.n.k.i.DiagnosticsManager] dbms.shell.enabled=true
2016-05-04 15:01:00.229+0000 INFO  [o.n.k.i.DiagnosticsManager] dbms.connector.https.address=localhost:7473
2016-05-04 15:01:00.229+0000 INFO  [o.n.k.i.DiagnosticsManager] dbms.connector.https.enabled=false
2016-05-04 15:01:00.229+0000 INFO  [o.n.k.i.DiagnosticsManager] dbms.connector.http.type=HTTP
2016-05-04 15:01:00.229+0000 INFO  [o.n.k.i.DiagnosticsManager] dbms.connector.https.encryption=TLS
2016-05-04 15:01:00.229+0000 INFO  [o.n.k.i.DiagnosticsManager] dbms.active_database=data/graph.db.6363
2016-05-04 15:01:00.230+0000 INFO  [o.n.k.i.DiagnosticsManager] unsupported.dbms.block_size.strings=120
2016-05-04 15:01:00.230+0000 INFO  [o.n.k.i.DiagnosticsManager] unsupported.dbms.block_size.array_properties=120
2016-05-04 15:01:00.230+0000 INFO  [o.n.k.i.DiagnosticsManager] dbms.connector.https.type=HTTP
2016-05-04 15:01:00.230+0000 INFO  [o.n.k.i.DiagnosticsManager] unsupported.dbms.security.auth_store.location=data/dbms/auth
2016-05-04 15:01:00.230+0000 INFO  [o.n.k.i.DiagnosticsManager] unsupported.dbms.edition=community
2016-05-04 15:01:00.230+0000 INFO  [o.n.k.i.DiagnosticsManager] dbms.connector.bolt.address=127.0.0.1:6364
2016-05-04 15:01:00.230+0000 INFO  [o.n.k.i.DiagnosticsManager] dbms.connector.http.address=127.0.0.1:6363
2016-05-04 15:01:00.230+0000 INFO  [o.n.k.i.DiagnosticsManager] dbms.connector.bolt.enabled=true
2016-05-04 15:01:00.230+0000 INFO  [o.n.k.i.DiagnosticsManager] Diagnostics providers:
2016-05-04 15:01:00.230+0000 INFO  [o.n.k.i.DiagnosticsManager] org.neo4j.kernel.configuration.Config
2016-05-04 15:01:00.230+0000 INFO  [o.n.k.i.DiagnosticsManager] org.neo4j.kernel.info.DiagnosticsManager
2016-05-04 15:01:00.230+0000 INFO  [o.n.k.i.DiagnosticsManager] SYSTEM_MEMORY
2016-05-04 15:01:00.231+0000 INFO  [o.n.k.i.DiagnosticsManager] JAVA_MEMORY
2016-05-04 15:01:00.231+0000 INFO  [o.n.k.i.DiagnosticsManager] OPERATING_SYSTEM
2016-05-04 15:01:00.231+0000 INFO  [o.n.k.i.DiagnosticsManager] JAVA_VIRTUAL_MACHINE
2016-05-04 15:01:00.231+0000 INFO  [o.n.k.i.DiagnosticsManager] CLASSPATH
2016-05-04 15:01:00.231+0000 INFO  [o.n.k.i.DiagnosticsManager] LIBRARY_PATH
2016-05-04 15:01:00.231+0000 INFO  [o.n.k.i.DiagnosticsManager] SYSTEM_PROPERTIES
2016-05-04 15:01:00.231+0000 INFO  [o.n.k.i.DiagnosticsManager] NETWORK
2016-05-04 15:01:00.231+0000 INFO  [o.n.k.i.DiagnosticsManager] System memory information:
2016-05-04 15:01:00.233+0000 INFO  [o.n.k.i.DiagnosticsManager] Total Physical memory: 16.00 GB
2016-05-04 15:01:00.234+0000 INFO  [o.n.k.i.DiagnosticsManager] Free Physical memory: 4.06 GB
2016-05-04 15:01:00.234+0000 INFO  [o.n.k.i.DiagnosticsManager] Committed virtual memory: 7.95 GB
2016-05-04 15:01:00.235+0000 INFO  [o.n.k.i.DiagnosticsManager] Total swap space: 2.00 GB
2016-05-04 15:01:00.235+0000 INFO  [o.n.k.i.DiagnosticsManager] Free swap space: 878.75 MB
2016-05-04 15:01:00.235+0000 INFO  [o.n.k.i.DiagnosticsManager] JVM memory information:
2016-05-04 15:01:00.235+0000 INFO  [o.n.k.i.DiagnosticsManager] Free  memory: 189.50 MB
2016-05-04 15:01:00.235+0000 INFO  [o.n.k.i.DiagnosticsManager] Total memory: 256.00 MB
2016-05-04 15:01:00.235+0000 INFO  [o.n.k.i.DiagnosticsManager] Max   memory: 4.00 GB
2016-05-04 15:01:00.237+0000 INFO  [o.n.k.i.DiagnosticsManager] Garbage Collector: G1 Young Generation: [G1 Eden Space, G1 Survivor Space]
2016-05-04 15:01:00.237+0000 INFO  [o.n.k.i.DiagnosticsManager] Garbage Collector: G1 Old Generation: [G1 Eden Space, G1 Survivor Space, G1 Old Gen]
2016-05-04 15:01:00.238+0000 INFO  [o.n.k.i.DiagnosticsManager] Memory Pool: Code Cache (Non-heap memory): committed=3.63 MB, used=3.56 MB, max=240.00 MB, threshold=0.00 B
2016-05-04 15:01:00.238+0000 INFO  [o.n.k.i.DiagnosticsManager] Memory Pool: Metaspace (Non-heap memory): committed=10.50 MB, used=9.95 MB, max=-1.00 B, threshold=0.00 B
2016-05-04 15:01:00.239+0000 INFO  [o.n.k.i.DiagnosticsManager] Memory Pool: Compressed Class Space (Non-heap memory): committed=1.50 MB, used=1.28 MB, max=1.00 GB, threshold=0.00 B
2016-05-04 15:01:00.239+0000 INFO  [o.n.k.i.DiagnosticsManager] Memory Pool: G1 Eden Space (Heap memory): committed=26.00 MB, used=20.00 MB, max=-1.00 B, threshold=?
2016-05-04 15:01:00.239+0000 INFO  [o.n.k.i.DiagnosticsManager] Memory Pool: G1 Survivor Space (Heap memory): committed=6.00 MB, used=6.00 MB, max=-1.00 B, threshold=?
2016-05-04 15:01:00.240+0000 INFO  [o.n.k.i.DiagnosticsManager] Memory Pool: G1 Old Gen (Heap memory): committed=224.00 MB, used=39.55 MB, max=4.00 GB, threshold=0.00 B
2016-05-04 15:01:00.240+0000 INFO  [o.n.k.i.DiagnosticsManager] Operating system information:
2016-05-04 15:01:00.241+0000 INFO  [o.n.k.i.DiagnosticsManager] Operating System: Mac OS X; version: 10.11.4; arch: x86_64; cpus: 8
2016-05-04 15:01:00.241+0000 INFO  [o.n.k.i.DiagnosticsManager] Max number of file descriptors: 10.00 kB
2016-05-04 15:01:00.242+0000 INFO  [o.n.k.i.DiagnosticsManager] Number of open file descriptors: 91.00 B
2016-05-04 15:01:00.249+0000 INFO  [o.n.k.i.DiagnosticsManager] Process id: 32190@catan-mbp.kalon.int
2016-05-04 15:01:00.249+0000 INFO  [o.n.k.i.DiagnosticsManager] Byte order: LITTLE_ENDIAN
2016-05-04 15:01:00.249+0000 INFO  [o.n.k.i.DiagnosticsManager] Local timezone: Europe/Bucharest
2016-05-04 15:01:00.249+0000 INFO  [o.n.k.i.DiagnosticsManager] JVM information:
2016-05-04 15:01:00.249+0000 INFO  [o.n.k.i.DiagnosticsManager] VM Name: Java HotSpot(TM) 64-Bit Server VM
2016-05-04 15:01:00.250+0000 INFO  [o.n.k.i.DiagnosticsManager] VM Vendor: Oracle Corporation
2016-05-04 15:01:00.250+0000 INFO  [o.n.k.i.DiagnosticsManager] VM Version: 25.65-b01
2016-05-04 15:01:00.250+0000 INFO  [o.n.k.i.DiagnosticsManager] JIT compiler: HotSpot 64-Bit Tiered Compilers
2016-05-04 15:01:00.250+0000 INFO  [o.n.k.i.DiagnosticsManager] VM Arguments: [-XX:+UseG1GC, -XX:-OmitStackTraceInFastThrow, -XX:hashCode=5, -XX:+AlwaysPreTouch, -XX:+UnlockExperimentalVMOptions, -XX:+TrustFinalNonStaticFields, -XX:+DisableExplicitGC, -Dunsupported.dbms.udc.source=tarball, -Dfile.encoding=UTF-8]
2016-05-04 15:01:00.250+0000 INFO  [o.n.k.i.DiagnosticsManager] Java classpath:
2016-05-04 15:01:00.252+0000 INFO  [o.n.k.i.DiagnosticsManager]  [classpath + loader.0] file:/Users/catalin.tanasescu/Projects/snippets/neodb/bin/neo4j-community-3.0.0/lib/bcprov-jdk15on-1.53.jar
2016-05-04 15:01:00.252+0000 INFO  [o.n.k.i.DiagnosticsManager]  [classpath + loader.0] file:/Users/catalin.tanasescu/Projects/snippets/neodb/bin/neo4j-community-3.0.0/plugins/
2016-05-04 15:01:00.252+0000 INFO  [o.n.k.i.DiagnosticsManager]  [bootstrap] /Library/Java/JavaVirtualMachines/jdk1.8.0_65.jdk/Contents/Home/jre/lib/sunrsasign.jar
2016-05-04 15:01:00.252+0000 INFO  [o.n.k.i.DiagnosticsManager]  [classpath + loader.0] file:/Users/catalin.tanasescu/Projects/snippets/neodb/bin/neo4j-community-3.0.0/lib/asm-5.0.2.jar
2016-05-04 15:01:00.252+0000 INFO  [o.n.k.i.DiagnosticsManager]  [classpath + loader.0] file:/Users/catalin.tanasescu/Projects/snippets/neodb/bin/neo4j-community-3.0.0/lib/neo4j-jmx-3.0.0.jar
2016-05-04 15:01:00.252+0000 INFO  [o.n.k.i.DiagnosticsManager]  [bootstrap] /Library/Java/JavaVirtualMachines/jdk1.8.0_65.jdk/Contents/Home/jre/lib/jce.jar
2016-05-04 15:01:00.252+0000 INFO  [o.n.k.i.DiagnosticsManager]  [classpath + loader.0] file:/Users/catalin.tanasescu/Projects/snippets/neodb/bin/neo4j-community-3.0.0/lib/neo4j-cypher-frontend-2.3-2.3.3.jar
2016-05-04 15:01:00.252+0000 INFO  [o.n.k.i.DiagnosticsManager]  [loader.1] file:/Library/Java/JavaVirtualMachines/jdk1.8.0_65.jdk/Contents/Home/jre/lib/ext/sunec.jar
2016-05-04 15:01:00.252+0000 INFO  [o.n.k.i.DiagnosticsManager]  [classpath + loader.0] file:/Users/catalin.tanasescu/Projects/snippets/neodb/bin/neo4j-community-3.0.0/lib/jetty-security-9.2.9.v20150224.jar
2016-05-04 15:01:00.252+0000 INFO  [o.n.k.i.DiagnosticsManager]  [classpath + loader.0] file:/Users/catalin.tanasescu/Projects/snippets/neodb/bin/neo4j-community-3.0.0/lib/jetty-server-9.2.9.v20150224.jar
2016-05-04 15:01:00.252+0000 INFO  [o.n.k.i.DiagnosticsManager]  [classpath + loader.0] file:/Users/catalin.tanasescu/Projects/snippets/neodb/bin/neo4j-community-3.0.0/lib/neo4j-shell-3.0.0.jar
2016-05-04 15:01:00.252+0000 INFO  [o.n.k.i.DiagnosticsManager]  [loader.1] file:/Library/Java/JavaVirtualMachines/jdk1.8.0_65.jdk/Contents/Home/jre/lib/ext/zipfs.jar
2016-05-04 15:01:00.252+0000 INFO  [o.n.k.i.DiagnosticsManager]  [classpath + loader.0] file:/Users/catalin.tanasescu/Projects/snippets/neodb/bin/neo4j-community-3.0.0/lib/netty-all-4.0.28.Final.jar
2016-05-04 15:01:00.252+0000 INFO  [o.n.k.i.DiagnosticsManager]  [classpath + loader.0] file:/Users/catalin.tanasescu/Projects/snippets/neodb/bin/neo4j-community-3.0.0/lib/concurrentlinkedhashmap-lru-1.4.2.jar
2016-05-04 15:01:00.252+0000 INFO  [o.n.k.i.DiagnosticsManager]  [classpath + loader.0] file:/Users/catalin.tanasescu/Projects/snippets/neodb/bin/neo4j-community-3.0.0/lib/jersey-servlet-1.19.jar
2016-05-04 15:01:00.252+0000 INFO  [o.n.k.i.DiagnosticsManager]  [classpath + loader.0] file:/Users/catalin.tanasescu/Projects/snippets/neodb/bin/neo4j-community-3.0.0/lib/neo4j-common-3.0.0.jar
2016-05-04 15:01:00.252+0000 INFO  [o.n.k.i.DiagnosticsManager]  [classpath + loader.0] file:/Users/catalin.tanasescu/Projects/snippets/neodb/bin/neo4j-community-3.0.0/lib/neo4j-consistency-check-3.0.0.jar
2016-05-04 15:01:00.252+0000 INFO  [o.n.k.i.DiagnosticsManager]  [classpath + loader.0] file:/Users/catalin.tanasescu/Projects/snippets/neodb/bin/neo4j-community-3.0.0/lib/commons-logging-1.1.1.jar
2016-05-04 15:01:00.252+0000 INFO  [o.n.k.i.DiagnosticsManager]  [bootstrap] /Library/Java/JavaVirtualMachines/jdk1.8.0_65.jdk/Contents/Home/jre/lib/jsse.jar
2016-05-04 15:01:00.252+0000 INFO  [o.n.k.i.DiagnosticsManager]  [classpath + loader.0] file:/Users/catalin.tanasescu/Projects/snippets/neodb/bin/neo4j-community-3.0.0/lib/jetty-util-9.2.9.v20150224.jar
2016-05-04 15:01:00.252+0000 INFO  [o.n.k.i.DiagnosticsManager]  [bootstrap] /Library/Java/JavaVirtualMachines/jdk1.8.0_65.jdk/Contents/Home/jre/lib/charsets.jar
2016-05-04 15:01:00.252+0000 INFO  [o.n.k.i.DiagnosticsManager]  [classpath + loader.0] file:/Users/catalin.tanasescu/Projects/snippets/neodb/bin/neo4j-community-3.0.0/lib/lucene-codecs-5.5.0.jar
2016-05-04 15:01:00.252+0000 INFO  [o.n.k.i.DiagnosticsManager]  [classpath + loader.0] file:/Users/catalin.tanasescu/Projects/snippets/neodb/bin/neo4j-community-3.0.0/lib/neo4j-resource-3.0.0.jar
2016-05-04 15:01:00.252+0000 INFO  [o.n.k.i.DiagnosticsManager]  [classpath + loader.0] file:/Users/catalin.tanasescu/Projects/snippets/neodb/bin/neo4j-community-3.0.0/lib/commons-lang3-3.3.2.jar
2016-05-04 15:01:00.252+0000 INFO  [o.n.k.i.DiagnosticsManager]  [loader.1] file:/Library/Java/JavaVirtualMachines/jdk1.8.0_65.jdk/Contents/Home/jre/lib/ext/sunpkcs11.jar
2016-05-04 15:01:00.252+0000 INFO  [o.n.k.i.DiagnosticsManager]  [classpath + loader.0] file:/Users/catalin.tanasescu/Projects/snippets/neodb/bin/neo4j-community-3.0.0/lib/bcpkix-jdk15on-1.53.jar
2016-05-04 15:01:00.253+0000 INFO  [o.n.k.i.DiagnosticsManager]  [bootstrap] /Library/Java/JavaVirtualMachines/jdk1.8.0_65.jdk/Contents/Home/jre/lib/rt.jar
2016-05-04 15:01:00.253+0000 INFO  [o.n.k.i.DiagnosticsManager]  [classpath + loader.0] file:/Users/catalin.tanasescu/Projects/snippets/neodb/bin/neo4j-community-3.0.0/lib/neo4j-graphdb-api-3.0.0.jar
2016-05-04 15:01:00.253+0000 INFO  [o.n.k.i.DiagnosticsManager]  [classpath + loader.0] file:/Users/catalin.tanasescu/Projects/snippets/neodb/bin/neo4j-community-3.0.0/lib/jline-2.12.jar
2016-05-04 15:01:00.253+0000 INFO  [o.n.k.i.DiagnosticsManager]  [loader.1] file:/Library/Java/JavaVirtualMachines/jdk1.8.0_65.jdk/Contents/Home/jre/lib/ext/nashorn.jar
2016-05-04 15:01:00.253+0000 INFO  [o.n.k.i.DiagnosticsManager]  [classpath + loader.0] file:/Users/catalin.tanasescu/Projects/snippets/neodb/bin/neo4j-community-3.0.0/lib/neo4j-cypher-compiler-3.0-3.0.0.jar
2016-05-04 15:01:00.253+0000 INFO  [o.n.k.i.DiagnosticsManager]  [loader.1] file:/Library/Java/JavaVirtualMachines/jdk1.8.0_65.jdk/Contents/Home/jre/lib/ext/localedata.jar
2016-05-04 15:01:00.253+0000 INFO  [o.n.k.i.DiagnosticsManager]  [classpath + loader.0] file:/Users/catalin.tanasescu/Projects/snippets/neodb/bin/neo4j-community-3.0.0/lib/jersey-server-1.19.jar
2016-05-04 15:01:00.253+0000 INFO  [o.n.k.i.DiagnosticsManager]  [classpath + loader.0] file:/Users/catalin.tanasescu/Projects/snippets/neodb/bin/neo4j-community-3.0.0/lib/jetty-http-9.2.9.v20150224.jar
2016-05-04 15:01:00.253+0000 INFO  [o.n.k.i.DiagnosticsManager]  [classpath + loader.0] file:/Users/catalin.tanasescu/Projects/snippets/neodb/bin/neo4j-community-3.0.0/lib/jsr311-api-1.1.2.r612.jar
2016-05-04 15:01:00.253+0000 INFO  [o.n.k.i.DiagnosticsManager]  [loader.1] file:/Library/Java/JavaVirtualMachines/jdk1.8.0_65.jdk/Contents/Home/jre/lib/ext/jfxrt.jar
2016-05-04 15:01:00.253+0000 INFO  [o.n.k.i.DiagnosticsManager]  [classpath + loader.0] file:/Users/catalin.tanasescu/Projects/snippets/neodb/bin/neo4j-community-3.0.0/lib/jetty-io-9.2.9.v20150224.jar
2016-05-04 15:01:00.253+0000 INFO  [o.n.k.i.DiagnosticsManager]  [bootstrap] /Library/Java/JavaVirtualMachines/jdk1.8.0_65.jdk/Contents/Home/jre/lib/resources.jar
2016-05-04 15:01:00.253+0000 INFO  [o.n.k.i.DiagnosticsManager]  [loader.1] file:/System/Library/Java/Extensions/MRJToolkit.jar
2016-05-04 15:01:00.253+0000 INFO  [o.n.k.i.DiagnosticsManager]  [classpath + loader.0] file:/Users/catalin.tanasescu/Projects/snippets/neodb/bin/neo4j-community-3.0.0/lib/commons-beanutils-1.8.3.jar
2016-05-04 15:01:00.253+0000 INFO  [o.n.k.i.DiagnosticsManager]  [classpath + loader.0] file:/Users/catalin.tanasescu/Projects/snippets/neodb/bin/neo4j-community-3.0.0/lib/jackson-core-asl-1.9.13.jar
2016-05-04 15:01:00.253+0000 INFO  [o.n.k.i.DiagnosticsManager]  [classpath + loader.0] file:/Users/catalin.tanasescu/Projects/snippets/neodb/bin/neo4j-community-3.0.0/lib/neo4j-bolt-3.0.0.jar
2016-05-04 15:01:00.253+0000 INFO  [o.n.k.i.DiagnosticsManager]  [classpath + loader.0] file:/Users/catalin.tanasescu/Projects/snippets/neodb/bin/neo4j-community-3.0.0/lib/neo4j-lucene-index-3.0.0.jar
2016-05-04 15:01:00.253+0000 INFO  [o.n.k.i.DiagnosticsManager]  [classpath + loader.0] file:/Users/catalin.tanasescu/Projects/snippets/neodb/bin/neo4j-community-3.0.0/lib/jetty-xml-9.2.9.v20150224.jar
2016-05-04 15:01:00.253+0000 INFO  [o.n.k.i.DiagnosticsManager]  [loader.1] file:/Library/Java/JavaVirtualMachines/jdk1.8.0_65.jdk/Contents/Home/jre/lib/ext/cldrdata.jar
2016-05-04 15:01:00.253+0000 INFO  [o.n.k.i.DiagnosticsManager]  [classpath + loader.0] file:/Users/catalin.tanasescu/Projects/snippets/neodb/bin/neo4j-community-3.0.0/lib/scala-reflect-2.11.8.jar
2016-05-04 15:01:00.253+0000 INFO  [o.n.k.i.DiagnosticsManager]  [classpath + loader.0] file:/Users/catalin.tanasescu/Projects/snippets/neodb/bin/neo4j-community-3.0.0/lib/neo4j-unsafe-3.0.0.jar
2016-05-04 15:01:00.253+0000 INFO  [o.n.k.i.DiagnosticsManager]  [classpath + loader.0] file:/Users/catalin.tanasescu/Projects/snippets/neodb/bin/neo4j-community-3.0.0/lib/neo4j-security-3.0.0.jar
2016-05-04 15:01:00.253+0000 INFO  [o.n.k.i.DiagnosticsManager]  [classpath + loader.0] file:/Users/catalin.tanasescu/Projects/snippets/neodb/bin/neo4j-community-3.0.0/lib/neo4j-udc-3.0.0.jar
2016-05-04 15:01:00.253+0000 INFO  [o.n.k.i.DiagnosticsManager]  [classpath + loader.0] file:/Users/catalin.tanasescu/Projects/snippets/neodb/bin/neo4j-community-3.0.0/lib/scala-library-2.11.8.jar
2016-05-04 15:01:00.253+0000 INFO  [o.n.k.i.DiagnosticsManager]  [classpath + loader.0] file:/Users/catalin.tanasescu/Projects/snippets/neodb/bin/neo4j-community-3.0.0/lib/lucene-analyzers-common-5.5.0.jar
2016-05-04 15:01:00.253+0000 INFO  [o.n.k.i.DiagnosticsManager]  [classpath + loader.0] file:/Users/catalin.tanasescu/Projects/snippets/neodb/bin/neo4j-community-3.0.0/lib/neo4j-browser-1.1.4.jar
2016-05-04 15:01:00.253+0000 INFO  [o.n.k.i.DiagnosticsManager]  [classpath + loader.0] file:/Users/catalin.tanasescu/Projects/snippets/neodb/bin/neo4j-community-3.0.0/lib/neo4j-graph-algo-3.0.0.jar
2016-05-04 15:01:00.253+0000 INFO  [o.n.k.i.DiagnosticsManager]  [classpath + loader.0] file:/Users/catalin.tanasescu/Projects/snippets/neodb/bin/neo4j-community-3.0.0/lib/jersey-core-1.19.jar
2016-05-04 15:01:00.253+0000 INFO  [o.n.k.i.DiagnosticsManager]  [classpath + loader.0] file:/Users/catalin.tanasescu/Projects/snippets/neodb/bin/neo4j-community-3.0.0/lib/mimepull-1.9.3.jar
2016-05-04 15:01:00.253+0000 INFO  [o.n.k.i.DiagnosticsManager]  [classpath + loader.0] file:/Users/catalin.tanasescu/Projects/snippets/neodb/bin/neo4j-community-3.0.0/lib/rhino-1.7R4.jar
2016-05-04 15:01:00.254+0000 INFO  [o.n.k.i.DiagnosticsManager]  [classpath + loader.0] file:/Users/catalin.tanasescu/Projects/snippets/neodb/bin/neo4j-community-3.0.0/lib/commons-digester-2.1.jar
2016-05-04 15:01:00.254+0000 INFO  [o.n.k.i.DiagnosticsManager]  [classpath + loader.0] file:/Users/catalin.tanasescu/Projects/snippets/neodb/bin/neo4j-community-3.0.0/lib/jetty-servlet-9.2.9.v20150224.jar
2016-05-04 15:01:00.254+0000 INFO  [o.n.k.i.DiagnosticsManager]  [classpath + loader.0] file:/Users/catalin.tanasescu/Projects/snippets/neodb/bin/neo4j-community-3.0.0/lib/neo4j-codegen-3.0.0.jar
2016-05-04 15:01:00.254+0000 INFO  [o.n.k.i.DiagnosticsManager]  [classpath + loader.0] file:/Users/catalin.tanasescu/Projects/snippets/neodb/bin/neo4j-community-3.0.0/lib/neo4j-primitive-collections-3.0.0.jar
2016-05-04 15:01:00.254+0000 INFO  [o.n.k.i.DiagnosticsManager]  [classpath + loader.0] file:/Users/catalin.tanasescu/Projects/snippets/neodb/bin/neo4j-community-3.0.0/lib/javax.servlet-api-3.1.0.jar
2016-05-04 15:01:00.254+0000 INFO  [o.n.k.i.DiagnosticsManager]  [classpath + loader.0] file:/Users/catalin.tanasescu/Projects/snippets/neodb/bin/neo4j-community-3.0.0/lib/neo4j-csv-3.0.0.jar
2016-05-04 15:01:00.254+0000 INFO  [o.n.k.i.DiagnosticsManager]  [classpath + loader.0] file:/Users/catalin.tanasescu/Projects/snippets/neodb/bin/neo4j-community-3.0.0/lib/parboiled-scala_2.11-1.1.7.jar
2016-05-04 15:01:00.254+0000 INFO  [o.n.k.i.DiagnosticsManager]  [classpath + loader.0] file:/Users/catalin.tanasescu/Projects/snippets/neodb/bin/neo4j-community-3.0.0/lib/commons-io-2.4.jar
2016-05-04 15:01:00.254+0000 INFO  [o.n.k.i.DiagnosticsManager]  [classpath + loader.0] file:/Users/catalin.tanasescu/Projects/snippets/neodb/bin/neo4j-community-3.0.0/lib/neo4j-server-3.0.0.jar
2016-05-04 15:01:00.254+0000 INFO  [o.n.k.i.DiagnosticsManager]  [classpath + loader.0] file:/Users/catalin.tanasescu/Projects/snippets/neodb/bin/neo4j-community-3.0.0/lib/lucene-queryparser-5.5.0.jar
2016-05-04 15:01:00.254+0000 INFO  [o.n.k.i.DiagnosticsManager]  [classpath + loader.0] file:/Users/catalin.tanasescu/Projects/snippets/neodb/bin/neo4j-community-3.0.0/lib/neo4j-kernel-3.0.0.jar
2016-05-04 15:01:00.254+0000 INFO  [o.n.k.i.DiagnosticsManager]  [bootstrap] /Library/Java/JavaVirtualMachines/jdk1.8.0_65.jdk/Contents/Home/jre/classes
2016-05-04 15:01:00.254+0000 INFO  [o.n.k.i.DiagnosticsManager]  [classpath + loader.0] file:/Users/catalin.tanasescu/Projects/snippets/neodb/bin/neo4j-community-3.0.0/lib/neo4j-import-tool-3.0.0.jar
2016-05-04 15:01:00.254+0000 INFO  [o.n.k.i.DiagnosticsManager]  [loader.1] file:/Library/Java/JavaVirtualMachines/jdk1.8.0_65.jdk/Contents/Home/jre/lib/ext/jaccess.jar
2016-05-04 15:01:00.254+0000 INFO  [o.n.k.i.DiagnosticsManager]  [classpath + loader.0] file:/Users/catalin.tanasescu/Projects/snippets/neodb/bin/neo4j-community-3.0.0/lib/neo4j-cypher-3.0.0.jar
2016-05-04 15:01:00.254+0000 INFO  [o.n.k.i.DiagnosticsManager]  [classpath + loader.0] file:/Users/catalin.tanasescu/Projects/snippets/neodb/bin/neo4j-community-3.0.0/lib/neo4j-logging-3.0.0.jar
2016-05-04 15:01:00.254+0000 INFO  [o.n.k.i.DiagnosticsManager]  [classpath + loader.0] file:/Users/catalin.tanasescu/Projects/snippets/neodb/bin/neo4j-community-3.0.0/lib/jackson-jaxrs-1.9.13.jar
2016-05-04 15:01:00.254+0000 INFO  [o.n.k.i.DiagnosticsManager]  [classpath + loader.0] file:/Users/catalin.tanasescu/Projects/snippets/neodb/bin/neo4j-community-3.0.0/lib/server-api-3.0.0.jar
2016-05-04 15:01:00.254+0000 INFO  [o.n.k.i.DiagnosticsManager]  [classpath + loader.0] file:/Users/catalin.tanasescu/Projects/snippets/neodb/bin/neo4j-community-3.0.0/lib/neo4j-cypher-compiler-2.3-2.3.3.jar
2016-05-04 15:01:00.254+0000 INFO  [o.n.k.i.DiagnosticsManager]  [bootstrap] /Library/Java/JavaVirtualMachines/jdk1.8.0_65.jdk/Contents/Home/jre/lib/jfr.jar
2016-05-04 15:01:00.254+0000 INFO  [o.n.k.i.DiagnosticsManager]  [classpath + loader.0] file:/Users/catalin.tanasescu/Projects/snippets/neodb/bin/neo4j-community-3.0.0/lib/neo4j-dbms-3.0.0.jar
2016-05-04 15:01:00.254+0000 INFO  [o.n.k.i.DiagnosticsManager]  [classpath + loader.0] file:/Users/catalin.tanasescu/Projects/snippets/neodb/bin/neo4j-community-3.0.0/plugins/*
2016-05-04 15:01:00.254+0000 INFO  [o.n.k.i.DiagnosticsManager]  [loader.1] file:/Library/Java/JavaVirtualMachines/jdk1.8.0_65.jdk/Contents/Home/jre/lib/ext/dnsns.jar
2016-05-04 15:01:00.254+0000 INFO  [o.n.k.i.DiagnosticsManager]  [classpath + loader.0] file:/Users/catalin.tanasescu/Projects/snippets/neodb/bin/neo4j-community-3.0.0/lib/neo4j-collections-3.0.0.jar
2016-05-04 15:01:00.254+0000 INFO  [o.n.k.i.DiagnosticsManager]  [classpath + loader.0] file:/Users/catalin.tanasescu/Projects/snippets/neodb/bin/neo4j-community-3.0.0/lib/neo4j-lucene-upgrade-3.0.0.jar
2016-05-04 15:01:00.254+0000 INFO  [o.n.k.i.DiagnosticsManager]  [classpath + loader.0] file:/Users/catalin.tanasescu/Projects/snippets/neodb/bin/neo4j-community-3.0.0/conf/
2016-05-04 15:01:00.254+0000 INFO  [o.n.k.i.DiagnosticsManager]  [classpath + loader.0] file:/Users/catalin.tanasescu/Projects/snippets/neodb/bin/neo4j-community-3.0.0/lib/jersey-multipart-1.19.jar
2016-05-04 15:01:00.254+0000 INFO  [o.n.k.i.DiagnosticsManager]  [classpath + loader.0] file:/Users/catalin.tanasescu/Projects/snippets/neodb/bin/neo4j-community-3.0.0/lib/commons-lang-2.6.jar
2016-05-04 15:01:00.254+0000 INFO  [o.n.k.i.DiagnosticsManager]  [classpath + loader.0] file:/Users/catalin.tanasescu/Projects/snippets/neodb/bin/neo4j-community-3.0.0/lib/parboiled-core-1.1.7.jar
2016-05-04 15:01:00.254+0000 INFO  [o.n.k.i.DiagnosticsManager]  [loader.1] file:/Library/Java/JavaVirtualMachines/jdk1.8.0_65.jdk/Contents/Home/jre/lib/ext/sunjce_provider.jar
2016-05-04 15:01:00.254+0000 INFO  [o.n.k.i.DiagnosticsManager]  [classpath + loader.0] file:/Users/catalin.tanasescu/Projects/snippets/neodb/bin/neo4j-community-3.0.0/lib/neo4j-graph-matching-3.0.0.jar
2016-05-04 15:01:00.254+0000 INFO  [o.n.k.i.DiagnosticsManager]  [classpath + loader.0] file:/Users/catalin.tanasescu/Projects/snippets/neodb/bin/neo4j-community-3.0.0/lib/neo4j-io-3.0.0.jar
2016-05-04 15:01:00.254+0000 INFO  [o.n.k.i.DiagnosticsManager]  [classpath + loader.0] file:/Users/catalin.tanasescu/Projects/snippets/neodb/bin/neo4j-community-3.0.0/lib/jetty-webapp-9.2.9.v20150224.jar
2016-05-04 15:01:00.255+0000 INFO  [o.n.k.i.DiagnosticsManager]  [classpath + loader.0] file:/Users/catalin.tanasescu/Projects/snippets/neodb/bin/neo4j-community-3.0.0/lib/commons-configuration-1.10.jar
2016-05-04 15:01:00.255+0000 INFO  [o.n.k.i.DiagnosticsManager]  [classpath + loader.0] file:/Users/catalin.tanasescu/Projects/snippets/neodb/bin/neo4j-community-3.0.0/lib/neo4j-cypher-frontend-3.0-3.0.0.jar
2016-05-04 15:01:00.255+0000 INFO  [o.n.k.i.DiagnosticsManager]  [classpath + loader.0] file:/Users/catalin.tanasescu/Projects/snippets/neodb/bin/neo4j-community-3.0.0/lib/jackson-mapper-asl-1.9.13.jar
2016-05-04 15:01:00.255+0000 INFO  [o.n.k.i.DiagnosticsManager]  [classpath + loader.0] file:/Users/catalin.tanasescu/Projects/snippets/neodb/bin/neo4j-community-3.0.0/lib/lucene-core-5.5.0.jar
2016-05-04 15:01:00.255+0000 INFO  [o.n.k.i.DiagnosticsManager]  [classpath + loader.0] file:/Users/catalin.tanasescu/Projects/snippets/neodb/bin/neo4j-community-3.0.0/lib/opencsv-2.3.jar
2016-05-04 15:01:00.255+0000 INFO  [o.n.k.i.DiagnosticsManager] Library path:
2016-05-04 15:01:00.255+0000 INFO  [o.n.k.i.DiagnosticsManager] /Users/catalin.tanasescu/Library/Java/Extensions
2016-05-04 15:01:00.255+0000 INFO  [o.n.k.i.DiagnosticsManager] /Library/Java/Extensions
2016-05-04 15:01:00.255+0000 INFO  [o.n.k.i.DiagnosticsManager] /Network/Library/Java/Extensions
2016-05-04 15:01:00.255+0000 INFO  [o.n.k.i.DiagnosticsManager] /System/Library/Java/Extensions
2016-05-04 15:01:00.255+0000 INFO  [o.n.k.i.DiagnosticsManager] /usr/lib/java
2016-05-04 15:01:00.255+0000 INFO  [o.n.k.i.DiagnosticsManager] /Users/catalin.tanasescu/Projects/snippets/neodb/bin/neo4j-community-3.0.0
2016-05-04 15:01:00.255+0000 INFO  [o.n.k.i.DiagnosticsManager] System.properties:
2016-05-04 15:01:00.255+0000 INFO  [o.n.k.i.DiagnosticsManager] sun.boot.library.path = /Library/Java/JavaVirtualMachines/jdk1.8.0_65.jdk/Contents/Home/jre/lib
2016-05-04 15:01:00.255+0000 INFO  [o.n.k.i.DiagnosticsManager] user.country.format = RO
2016-05-04 15:01:00.256+0000 INFO  [o.n.k.i.DiagnosticsManager] gopherProxySet = false
2016-05-04 15:01:00.256+0000 INFO  [o.n.k.i.DiagnosticsManager] path.separator = :
2016-05-04 15:01:00.256+0000 INFO  [o.n.k.i.DiagnosticsManager] file.encoding.pkg = sun.io
2016-05-04 15:01:00.256+0000 INFO  [o.n.k.i.DiagnosticsManager] user.country = US
2016-05-04 15:01:00.256+0000 INFO  [o.n.k.i.DiagnosticsManager] sun.java.launcher = SUN_STANDARD
2016-05-04 15:01:00.256+0000 INFO  [o.n.k.i.DiagnosticsManager] sun.os.patch.level = unknown
2016-05-04 15:01:00.256+0000 INFO  [o.n.k.i.DiagnosticsManager] user.dir = /Users/catalin.tanasescu/Projects/snippets/neodb/bin/neo4j-community-3.0.0
2016-05-04 15:01:00.256+0000 INFO  [o.n.k.i.DiagnosticsManager] sun.jnu.encoding = UTF-8
2016-05-04 15:01:00.256+0000 INFO  [o.n.k.i.DiagnosticsManager] unsupported.dbms.udc.source = tarball
2016-05-04 15:01:00.256+0000 INFO  [o.n.k.i.DiagnosticsManager] sun.management.compiler = HotSpot 64-Bit Tiered Compilers
2016-05-04 15:01:00.256+0000 INFO  [o.n.k.i.DiagnosticsManager] http.nonProxyHosts = local|*.local|169.254/16|*.169.254/16
2016-05-04 15:01:00.256+0000 INFO  [o.n.k.i.DiagnosticsManager] user.home = /Users/catalin.tanasescu
2016-05-04 15:01:00.256+0000 INFO  [o.n.k.i.DiagnosticsManager] user.timezone = Europe/Bucharest
2016-05-04 15:01:00.256+0000 INFO  [o.n.k.i.DiagnosticsManager] file.encoding = UTF-8
2016-05-04 15:01:00.256+0000 INFO  [o.n.k.i.DiagnosticsManager] user.name = catalin.tanasescu
2016-05-04 15:01:00.256+0000 INFO  [o.n.k.i.DiagnosticsManager] sun.java.command = org.neo4j.server.CommunityEntryPoint --config-dir=conf
2016-05-04 15:01:00.256+0000 INFO  [o.n.k.i.DiagnosticsManager] sun.arch.data.model = 64
2016-05-04 15:01:00.256+0000 INFO  [o.n.k.i.DiagnosticsManager] user.language = en
2016-05-04 15:01:00.256+0000 INFO  [o.n.k.i.DiagnosticsManager] awt.toolkit = sun.lwawt.macosx.LWCToolkit
2016-05-04 15:01:00.256+0000 INFO  [o.n.k.i.DiagnosticsManager] file.separator = /
2016-05-04 15:01:00.256+0000 INFO  [o.n.k.i.DiagnosticsManager] sun.io.unicode.encoding = UnicodeBig
2016-05-04 15:01:00.256+0000 INFO  [o.n.k.i.DiagnosticsManager] sun.cpu.endian = little
2016-05-04 15:01:00.256+0000 INFO  [o.n.k.i.DiagnosticsManager] socksNonProxyHosts = local|*.local|169.254/16|*.169.254/16
2016-05-04 15:01:00.256+0000 INFO  [o.n.k.i.DiagnosticsManager] ftp.nonProxyHosts = local|*.local|169.254/16|*.169.254/16
2016-05-04 15:01:00.256+0000 INFO  [o.n.k.i.DiagnosticsManager] sun.cpu.isalist = 
2016-05-04 15:01:00.256+0000 INFO  [o.n.k.i.DiagnosticsManager] Network information:
2016-05-04 15:01:00.260+0000 INFO  [o.n.k.i.DiagnosticsManager] Interface en3:
2016-05-04 15:01:00.260+0000 INFO  [o.n.k.i.DiagnosticsManager]     address: 10.4.0.58
2016-05-04 15:01:00.260+0000 INFO  [o.n.k.i.DiagnosticsManager] Interface lo0:
2016-05-04 15:01:00.260+0000 INFO  [o.n.k.i.DiagnosticsManager]     address: 127.0.0.1
2016-05-04 15:01:00.260+0000 INFO  [o.n.k.i.DiagnosticsManager] --- INITIALIZED diagnostics END ---
2016-05-04 15:01:00.763+0000 INFO  [o.n.b.v.r.Sessions] Bolt Server extension loaded.
2016-05-04 15:01:00.764+0000 INFO  [o.n.b.v.r.Sessions] Bolt enabled on 127.0.0.1:6364.
2016-05-04 15:01:01.174+0000 INFO  [o.n.k.a.i.l.LuceneLabelScanStore] No lucene scan store index found, this might just be first use. Preparing to rebuild.
2016-05-04 15:01:01.346+0000 INFO  [o.n.k.NeoStoreDataSource] Opened logical log [/Users/catalin.tanasescu/Projects/snippets/neodb/bin/neo4j-community-3.0.0/data/databases/data/graph.db.6363/neostore.transaction.db.0] version=0, lastTxId=1 (clean)
2016-05-04 15:01:01.352+0000 WARN  [o.n.k.i.s.MetaDataStore] Missing counts store, rebuilding it.
2016-05-04 15:01:01.462+0000 INFO  [o.n.k.a.i.l.LuceneLabelScanStore] Rebuilding lucene scan store, this may take a while
2016-05-04 15:01:01.467+0000 INFO  [o.n.k.a.i.l.LuceneLabelScanStore] Lucene scan store rebuilt (roughly 0 nodes)
2016-05-04 15:01:01.470+0000 INFO  [o.n.k.i.DatabaseHealth] Database health set to OK
2016-05-04 15:01:01.949+0000 INFO  [o.n.k.AvailabilityGuard] Fulfilling of requirement makes database available: Database available
2016-05-04 15:01:01.950+0000 INFO  [o.n.k.i.f.CommunityFacadeFactory] Database is now ready
2016-05-04 15:01:01.950+0000 INFO  [o.n.k.i.DiagnosticsManager] --- STARTED diagnostics for KernelDiagnostics:Versions START ---
2016-05-04 15:01:01.951+0000 INFO  [o.n.k.i.DiagnosticsManager] Graph Database: community single StoreId{creationTime=1462374061024, randomId=-3022954567277653234, storeVersion=15531981201765894, upgradeTime=1462374061024, upgradeId=1}
2016-05-04 15:01:01.951+0000 INFO  [o.n.k.i.DiagnosticsManager] Kernel version: 3.0.0,1c59a0c
2016-05-04 15:01:01.951+0000 INFO  [o.n.k.i.DiagnosticsManager] --- STARTED diagnostics for KernelDiagnostics:Versions END ---
2016-05-04 15:01:01.952+0000 INFO  [o.n.k.i.DiagnosticsManager] --- STARTED diagnostics for NEO_STORE_VERSIONS START ---
2016-05-04 15:01:01.952+0000 INFO  [o.n.k.i.DiagnosticsManager] Store versions:
2016-05-04 15:01:01.952+0000 INFO  [o.n.k.i.DiagnosticsManager] Store versions:
2016-05-04 15:01:01.952+0000 INFO  [o.n.k.i.DiagnosticsManager]   ArrayPropertyStore v0.A.7
2016-05-04 15:01:01.952+0000 INFO  [o.n.k.i.DiagnosticsManager]   NodeStore v0.A.7
2016-05-04 15:01:01.952+0000 INFO  [o.n.k.i.DiagnosticsManager]   StringPropertyStore v0.A.7
2016-05-04 15:01:01.952+0000 INFO  [o.n.k.i.DiagnosticsManager]   PropertyIndexStore v0.A.7
2016-05-04 15:01:01.952+0000 INFO  [o.n.k.i.DiagnosticsManager]   StringPropertyStore v0.A.7
2016-05-04 15:01:01.952+0000 INFO  [o.n.k.i.DiagnosticsManager]   ArrayPropertyStore v0.A.7
2016-05-04 15:01:01.952+0000 INFO  [o.n.k.i.DiagnosticsManager]   PropertyStore v0.A.7
2016-05-04 15:01:01.952+0000 INFO  [o.n.k.i.DiagnosticsManager]   RelationshipStore v0.A.7
2016-05-04 15:01:01.952+0000 INFO  [o.n.k.i.DiagnosticsManager]   StringPropertyStore v0.A.7
2016-05-04 15:01:01.953+0000 INFO  [o.n.k.i.DiagnosticsManager]   RelationshipTypeStore v0.A.7
2016-05-04 15:01:01.953+0000 INFO  [o.n.k.i.DiagnosticsManager]   StringPropertyStore v0.A.7
2016-05-04 15:01:01.953+0000 INFO  [o.n.k.i.DiagnosticsManager]   LabelTokenStore v0.A.7
2016-05-04 15:01:01.953+0000 INFO  [o.n.k.i.DiagnosticsManager]   SchemaStore v0.A.7
2016-05-04 15:01:01.953+0000 INFO  [o.n.k.i.DiagnosticsManager]   RelationshipGroupStore v0.A.7
2016-05-04 15:01:01.953+0000 INFO  [o.n.k.i.DiagnosticsManager]   NeoStore v0.A.7
2016-05-04 15:01:01.953+0000 INFO  [o.n.k.i.DiagnosticsManager] --- STARTED diagnostics for NEO_STORE_VERSIONS END ---
2016-05-04 15:01:01.953+0000 INFO  [o.n.k.i.DiagnosticsManager] --- STARTED diagnostics for NEO_STORE_ID_USAGE START ---
2016-05-04 15:01:01.953+0000 INFO  [o.n.k.i.DiagnosticsManager] Id usage:
2016-05-04 15:01:01.953+0000 INFO  [o.n.k.i.DiagnosticsManager] Id usage:
2016-05-04 15:01:01.953+0000 INFO  [o.n.k.i.DiagnosticsManager]   ArrayPropertyStore: used=1 high=0
2016-05-04 15:01:01.953+0000 INFO  [o.n.k.i.DiagnosticsManager]   NodeStore: used=0 high=-1
2016-05-04 15:01:01.953+0000 INFO  [o.n.k.i.DiagnosticsManager]   StringPropertyStore: used=1 high=0
2016-05-04 15:01:01.953+0000 INFO  [o.n.k.i.DiagnosticsManager]   PropertyIndexStore: used=0 high=-1
2016-05-04 15:01:01.953+0000 INFO  [o.n.k.i.DiagnosticsManager]   StringPropertyStore: used=1 high=0
2016-05-04 15:01:01.953+0000 INFO  [o.n.k.i.DiagnosticsManager]   ArrayPropertyStore: used=1 high=0
2016-05-04 15:01:01.954+0000 INFO  [o.n.k.i.DiagnosticsManager]   PropertyStore: used=0 high=-1
2016-05-04 15:01:01.954+0000 INFO  [o.n.k.i.DiagnosticsManager]   RelationshipStore: used=0 high=-1
2016-05-04 15:01:01.954+0000 INFO  [o.n.k.i.DiagnosticsManager]   StringPropertyStore: used=1 high=0
2016-05-04 15:01:01.954+0000 INFO  [o.n.k.i.DiagnosticsManager]   RelationshipTypeStore: used=0 high=-1
2016-05-04 15:01:01.954+0000 INFO  [o.n.k.i.DiagnosticsManager]   StringPropertyStore: used=1 high=0
2016-05-04 15:01:01.954+0000 INFO  [o.n.k.i.DiagnosticsManager]   LabelTokenStore: used=0 high=-1
2016-05-04 15:01:01.954+0000 INFO  [o.n.k.i.DiagnosticsManager]   SchemaStore: used=1 high=0
2016-05-04 15:01:01.954+0000 INFO  [o.n.k.i.DiagnosticsManager]   RelationshipGroupStore: used=1 high=0
2016-05-04 15:01:01.954+0000 INFO  [o.n.k.i.DiagnosticsManager]   NeoStore: used=13 high=12
2016-05-04 15:01:01.954+0000 INFO  [o.n.k.i.DiagnosticsManager] --- STARTED diagnostics for NEO_STORE_ID_USAGE END ---
2016-05-04 15:01:01.954+0000 INFO  [o.n.k.i.DiagnosticsManager] --- STARTED diagnostics for NEO_STORE_RECORDS START ---
2016-05-04 15:01:01.954+0000 INFO  [o.n.k.i.DiagnosticsManager] Neostore records:
2016-05-04 15:01:01.955+0000 INFO  [o.n.k.i.DiagnosticsManager] TIME (Creation time): 1462374061024
2016-05-04 15:01:01.955+0000 INFO  [o.n.k.i.DiagnosticsManager] RANDOM_NUMBER (Random number for store id): -3022954567277653234
2016-05-04 15:01:01.955+0000 INFO  [o.n.k.i.DiagnosticsManager] LOG_VERSION (Current log version): 0
2016-05-04 15:01:01.955+0000 INFO  [o.n.k.i.DiagnosticsManager] LAST_TRANSACTION_ID (Last committed transaction): 1
2016-05-04 15:01:01.955+0000 INFO  [o.n.k.i.DiagnosticsManager] STORE_VERSION (Store format version): 15531981201765894
2016-05-04 15:01:01.955+0000 INFO  [o.n.k.i.DiagnosticsManager] FIRST_GRAPH_PROPERTY (First property record containing graph properties): -1
2016-05-04 15:01:01.955+0000 INFO  [o.n.k.i.DiagnosticsManager] LAST_CONSTRAINT_TRANSACTION (Last committed transaction containing constraint changes): 0
2016-05-04 15:01:01.955+0000 INFO  [o.n.k.i.DiagnosticsManager] UPGRADE_TRANSACTION_ID (Transaction id most recent upgrade was performed at): 1
2016-05-04 15:01:01.955+0000 INFO  [o.n.k.i.DiagnosticsManager] UPGRADE_TIME (Time of last upgrade): 1462374061024
2016-05-04 15:01:01.956+0000 INFO  [o.n.k.i.DiagnosticsManager] LAST_TRANSACTION_CHECKSUM (Checksum of last committed transaction): 0
2016-05-04 15:01:01.956+0000 INFO  [o.n.k.i.DiagnosticsManager] UPGRADE_TRANSACTION_CHECKSUM (Checksum of transaction id the most recent upgrade was performed at): 0
2016-05-04 15:01:01.956+0000 INFO  [o.n.k.i.DiagnosticsManager] LAST_CLOSED_TRANSACTION_LOG_VERSION (Log version where the last transaction commit entry has been written into): 0
2016-05-04 15:01:01.956+0000 INFO  [o.n.k.i.DiagnosticsManager] LAST_CLOSED_TRANSACTION_LOG_BYTE_OFFSET (Byte offset in the log file where the last transaction commit entry has been written into): 16
2016-05-04 15:01:01.956+0000 INFO  [o.n.k.i.DiagnosticsManager] --- STARTED diagnostics for NEO_STORE_RECORDS END ---
2016-05-04 15:01:01.956+0000 INFO  [o.n.k.i.DiagnosticsManager] --- STARTED diagnostics for TRANSACTION_RANGE START ---
2016-05-04 15:01:01.956+0000 INFO  [o.n.k.i.DiagnosticsManager] Transaction log:
2016-05-04 15:01:01.957+0000 INFO  [o.n.k.i.DiagnosticsManager] No transactions found in any log
2016-05-04 15:01:01.957+0000 INFO  [o.n.k.i.DiagnosticsManager] --- STARTED diagnostics for TRANSACTION_RANGE END ---
2016-05-04 15:01:01.957+0000 INFO  [o.n.k.i.DiagnosticsManager] --- STARTED diagnostics for KernelDiagnostics:StoreFiles START ---
2016-05-04 15:01:01.958+0000 INFO  [o.n.k.i.DiagnosticsManager] Disk space on partition (Total / Free / Free %): 249795969024 / 159860125696 / 63
Storage files: (filename : modification date - size)
2016-05-04 15:01:01.958+0000 INFO  [o.n.k.i.DiagnosticsManager]   index:
2016-05-04 15:01:01.958+0000 INFO  [o.n.k.i.DiagnosticsManager]   - Total: 2016-05-04T18:01:01+0300 - 0.00 B
2016-05-04 15:01:01.958+0000 INFO  [o.n.k.i.DiagnosticsManager]   neostore: 2016-05-04T18:01:01+0300 - 8.00 kB
2016-05-04 15:01:01.959+0000 INFO  [o.n.k.i.DiagnosticsManager]   neostore.counts.db.a: 2016-05-04T18:01:01+0300 - 96.00 B
2016-05-04 15:01:01.959+0000 INFO  [o.n.k.i.DiagnosticsManager]   neostore.id: 2016-05-04T18:01:01+0300 - 9.00 B
2016-05-04 15:01:01.959+0000 INFO  [o.n.k.i.DiagnosticsManager]   neostore.labeltokenstore.db: 2016-05-04T18:01:00+0300 - 0.00 B
2016-05-04 15:01:01.959+0000 INFO  [o.n.k.i.DiagnosticsManager]   neostore.labeltokenstore.db.id: 2016-05-04T18:01:00+0300 - 9.00 B
2016-05-04 15:01:01.959+0000 INFO  [o.n.k.i.DiagnosticsManager]   neostore.labeltokenstore.db.names: 2016-05-04T18:01:00+0300 - 8.00 kB
2016-05-04 15:01:01.959+0000 INFO  [o.n.k.i.DiagnosticsManager]   neostore.labeltokenstore.db.names.id: 2016-05-04T18:01:00+0300 - 9.00 B
2016-05-04 15:01:01.959+0000 INFO  [o.n.k.i.DiagnosticsManager]   neostore.nodestore.db: 2016-05-04T18:01:00+0300 - 0.00 B
2016-05-04 15:01:01.959+0000 INFO  [o.n.k.i.DiagnosticsManager]   neostore.nodestore.db.id: 2016-05-04T18:01:00+0300 - 9.00 B
2016-05-04 15:01:01.960+0000 INFO  [o.n.k.i.DiagnosticsManager]   neostore.nodestore.db.labels: 2016-05-04T18:01:00+0300 - 8.00 kB
2016-05-04 15:01:01.960+0000 INFO  [o.n.k.i.DiagnosticsManager]   neostore.nodestore.db.labels.id: 2016-05-04T18:01:00+0300 - 9.00 B
2016-05-04 15:01:01.960+0000 INFO  [o.n.k.i.DiagnosticsManager]   neostore.propertystore.db: 2016-05-04T18:01:00+0300 - 0.00 B
2016-05-04 15:01:01.960+0000 INFO  [o.n.k.i.DiagnosticsManager]   neostore.propertystore.db.arrays: 2016-05-04T18:01:00+0300 - 8.00 kB
2016-05-04 15:01:01.960+0000 INFO  [o.n.k.i.DiagnosticsManager]   neostore.propertystore.db.arrays.id: 2016-05-04T18:01:00+0300 - 9.00 B
2016-05-04 15:01:01.960+0000 INFO  [o.n.k.i.DiagnosticsManager]   neostore.propertystore.db.id: 2016-05-04T18:01:00+0300 - 9.00 B
2016-05-04 15:01:01.960+0000 INFO  [o.n.k.i.DiagnosticsManager]   neostore.propertystore.db.index: 2016-05-04T18:01:00+0300 - 0.00 B
2016-05-04 15:01:01.961+0000 INFO  [o.n.k.i.DiagnosticsManager]   neostore.propertystore.db.index.id: 2016-05-04T18:01:00+0300 - 9.00 B
2016-05-04 15:01:01.961+0000 INFO  [o.n.k.i.DiagnosticsManager]   neostore.propertystore.db.index.keys: 2016-05-04T18:01:00+0300 - 8.00 kB
2016-05-04 15:01:01.961+0000 INFO  [o.n.k.i.DiagnosticsManager]   neostore.propertystore.db.index.keys.id: 2016-05-04T18:01:00+0300 - 9.00 B
2016-05-04 15:01:01.961+0000 INFO  [o.n.k.i.DiagnosticsManager]   neostore.propertystore.db.strings: 2016-05-04T18:01:00+0300 - 8.00 kB
2016-05-04 15:01:01.961+0000 INFO  [o.n.k.i.DiagnosticsManager]   neostore.propertystore.db.strings.id: 2016-05-04T18:01:00+0300 - 9.00 B
2016-05-04 15:01:01.961+0000 INFO  [o.n.k.i.DiagnosticsManager]   neostore.relationshipgroupstore.db: 2016-05-04T18:01:00+0300 - 8.00 kB
2016-05-04 15:01:01.962+0000 INFO  [o.n.k.i.DiagnosticsManager]   neostore.relationshipgroupstore.db.id: 2016-05-04T18:01:00+0300 - 9.00 B
2016-05-04 15:01:01.962+0000 INFO  [o.n.k.i.DiagnosticsManager]   neostore.relationshipstore.db: 2016-05-04T18:01:00+0300 - 0.00 B
2016-05-04 15:01:01.962+0000 INFO  [o.n.k.i.DiagnosticsManager]   neostore.relationshipstore.db.id: 2016-05-04T18:01:00+0300 - 9.00 B
2016-05-04 15:01:01.962+0000 INFO  [o.n.k.i.DiagnosticsManager]   neostore.relationshiptypestore.db: 2016-05-04T18:01:00+0300 - 0.00 B
2016-05-04 15:01:01.962+0000 INFO  [o.n.k.i.DiagnosticsManager]   neostore.relationshiptypestore.db.id: 2016-05-04T18:01:00+0300 - 9.00 B
2016-05-04 15:01:01.962+0000 INFO  [o.n.k.i.DiagnosticsManager]   neostore.relationshiptypestore.db.names: 2016-05-04T18:01:00+0300 - 8.00 kB
2016-05-04 15:01:01.962+0000 INFO  [o.n.k.i.DiagnosticsManager]   neostore.relationshiptypestore.db.names.id: 2016-05-04T18:01:00+0300 - 9.00 B
2016-05-04 15:01:01.963+0000 INFO  [o.n.k.i.DiagnosticsManager]   neostore.schemastore.db: 2016-05-04T18:01:00+0300 - 8.00 kB
2016-05-04 15:01:01.963+0000 INFO  [o.n.k.i.DiagnosticsManager]   neostore.schemastore.db.id: 2016-05-04T18:01:00+0300 - 9.00 B
2016-05-04 15:01:01.963+0000 INFO  [o.n.k.i.DiagnosticsManager]   neostore.transaction.db.0: 2016-05-04T18:01:01+0300 - 16.00 B
2016-05-04 15:01:01.963+0000 INFO  [o.n.k.i.DiagnosticsManager]   schema:
2016-05-04 15:01:01.963+0000 INFO  [o.n.k.i.DiagnosticsManager]     label:
2016-05-04 15:01:01.963+0000 INFO  [o.n.k.i.DiagnosticsManager]       lucene:
2016-05-04 15:01:01.963+0000 INFO  [o.n.k.i.DiagnosticsManager]         labelStore:
2016-05-04 15:01:01.963+0000 INFO  [o.n.k.i.DiagnosticsManager]           1:
2016-05-04 15:01:01.964+0000 INFO  [o.n.k.i.DiagnosticsManager]             write.lock: 2016-05-04T18:01:01+0300 - 0.00 B
2016-05-04 15:01:01.964+0000 INFO  [o.n.k.i.DiagnosticsManager]           - Total: 2016-05-04T18:01:01+0300 - 0.00 B
2016-05-04 15:01:01.964+0000 INFO  [o.n.k.i.DiagnosticsManager]           failure-message: 2016-05-04T18:01:01+0300 - 16.00 kB
2016-05-04 15:01:01.964+0000 INFO  [o.n.k.i.DiagnosticsManager]         - Total: 2016-05-04T18:01:01+0300 - 16.00 kB
2016-05-04 15:01:01.964+0000 INFO  [o.n.k.i.DiagnosticsManager]       - Total: 2016-05-04T18:01:01+0300 - 16.00 kB
2016-05-04 15:01:01.964+0000 INFO  [o.n.k.i.DiagnosticsManager]     - Total: 2016-05-04T18:01:01+0300 - 16.00 kB
2016-05-04 15:01:01.964+0000 INFO  [o.n.k.i.DiagnosticsManager]   - Total: 2016-05-04T18:01:01+0300 - 16.00 kB
2016-05-04 15:01:01.965+0000 INFO  [o.n.k.i.DiagnosticsManager]   store_lock: 2016-05-04T18:01:00+0300 - 0.00 B
2016-05-04 15:01:01.965+0000 INFO  [o.n.k.i.DiagnosticsManager] --- STARTED diagnostics for KernelDiagnostics:StoreFiles END ---
2016-05-04 15:01:03.754+0000 INFO  [o.n.k.i.DiagnosticsManager] --- SERVER STARTED START ---
2016-05-04 15:01:04.758+0000 INFO  [o.n.k.i.DiagnosticsManager] --- SERVER STARTED END ---
2016-05-04 15:01:04.772+0000 INFO  [o.n.k.i.f.CommunityFacadeFactory] Shutdown started
2016-05-04 15:01:04.772+0000 INFO  [o.n.k.i.f.CommunityFacadeFactory] Database is now unavailable
2016-05-04 15:01:04.775+0000 INFO  [o.n.k.i.t.l.c.CheckPointerImpl] Check Pointing triggered by database shutdown [1]:  Starting check pointing...
2016-05-04 15:01:04.775+0000 INFO  [o.n.k.i.t.l.c.CheckPointerImpl] Check Pointing triggered by database shutdown [1]:  Starting store flush...
2016-05-04 15:01:04.786+0000 INFO  [o.n.k.i.t.l.c.CheckPointerImpl] Check Pointing triggered by database shutdown [1]:  Store flush completed
2016-05-04 15:01:04.786+0000 INFO  [o.n.k.i.t.l.c.CheckPointerImpl] Check Pointing triggered by database shutdown [1]:  Starting appending check point entry into the tx log...
2016-05-04 15:01:04.788+0000 INFO  [o.n.k.i.t.l.c.CheckPointerImpl] Check Pointing triggered by database shutdown [1]:  Appending check point entry into the tx log completed
2016-05-04 15:01:04.788+0000 INFO  [o.n.k.i.t.l.c.CheckPointerImpl] Check Pointing triggered by database shutdown [1]:  Check pointing completed
2016-05-04 15:01:04.788+0000 INFO  [o.n.k.i.t.l.p.LogPruningImpl] Log Rotation [0]:  Starting log pruning.
2016-05-04 15:01:04.788+0000 INFO  [o.n.k.i.t.l.p.LogPruningImpl] Log Rotation [0]:  Log pruning complete.
2016-05-04 15:01:04.801+0000 INFO  [o.n.k.i.DiagnosticsManager] --- STOPPING diagnostics START ---
2016-05-04 15:01:04.801+0000 INFO  [o.n.k.i.DiagnosticsManager] --- STOPPING diagnostics END ---
2016-05-05 11:16:27.850+0000 INFO  [o.n.k.i.f.CommunityFacadeFactory] No locking implementation specified, defaulting to 'community'
2016-05-05 11:16:27.934+0000 WARN  [o.n.k.i.s.f.RecordFormatSelector] Select org.neo4j.kernel.impl.store.format.standard.StandardV3_0 as record format implementation.
2016-05-05 11:16:27.945+0000 INFO  [o.n.k.AvailabilityGuard] Requirement makes database unavailable: Database available
2016-05-05 11:16:27.968+0000 INFO  [o.n.k.i.DiagnosticsManager] --- INITIALIZED diagnostics START ---
2016-05-05 11:16:27.968+0000 INFO  [o.n.k.i.DiagnosticsManager] Neo4j Kernel properties:
2016-05-05 11:16:27.968+0000 INFO  [o.n.k.i.DiagnosticsManager] dbms.connector.http.enabled=true
2016-05-05 11:16:27.968+0000 INFO  [o.n.k.i.DiagnosticsManager] unsupported.dbms.block_size.labels=56
2016-05-05 11:16:27.968+0000 INFO  [o.n.k.i.DiagnosticsManager] dbms.security.auth_enabled=false
2016-05-05 11:16:27.969+0000 INFO  [o.n.k.i.DiagnosticsManager] dbms.connector.bolt.type=BOLT
2016-05-05 11:16:27.969+0000 INFO  [o.n.k.i.DiagnosticsManager] unsupported.dbms.directories.neo4j_home=/Users/catalin.tanasescu/Projects/snippets/neodb/bin/neo4j-community-3.0.0
2016-05-05 11:16:27.969+0000 INFO  [o.n.k.i.DiagnosticsManager] dbms.directories.import=import
2016-05-05 11:16:27.969+0000 INFO  [o.n.k.i.DiagnosticsManager] dbms.connector.bolt.tls_level=OPTIONAL
2016-05-05 11:16:27.969+0000 INFO  [o.n.k.i.DiagnosticsManager] dbms.shell.enabled=true
2016-05-05 11:16:27.969+0000 INFO  [o.n.k.i.DiagnosticsManager] dbms.connector.https.address=localhost:7473
2016-05-05 11:16:27.969+0000 INFO  [o.n.k.i.DiagnosticsManager] dbms.connector.https.enabled=false
2016-05-05 11:16:27.969+0000 INFO  [o.n.k.i.DiagnosticsManager] dbms.connector.http.type=HTTP
2016-05-05 11:16:27.969+0000 INFO  [o.n.k.i.DiagnosticsManager] dbms.connector.https.encryption=TLS
2016-05-05 11:16:27.969+0000 INFO  [o.n.k.i.DiagnosticsManager] dbms.active_database=data/graph.db.6363
2016-05-05 11:16:27.970+0000 INFO  [o.n.k.i.DiagnosticsManager] unsupported.dbms.block_size.strings=120
2016-05-05 11:16:27.970+0000 INFO  [o.n.k.i.DiagnosticsManager] unsupported.dbms.block_size.array_properties=120
2016-05-05 11:16:27.970+0000 INFO  [o.n.k.i.DiagnosticsManager] dbms.connector.https.type=HTTP
2016-05-05 11:16:27.970+0000 INFO  [o.n.k.i.DiagnosticsManager] unsupported.dbms.security.auth_store.location=data/dbms/auth
2016-05-05 11:16:27.970+0000 INFO  [o.n.k.i.DiagnosticsManager] unsupported.dbms.edition=community
2016-05-05 11:16:27.970+0000 INFO  [o.n.k.i.DiagnosticsManager] dbms.connector.bolt.address=127.0.0.1:6364
2016-05-05 11:16:27.970+0000 INFO  [o.n.k.i.DiagnosticsManager] dbms.connector.http.address=127.0.0.1:6363
2016-05-05 11:16:27.970+0000 INFO  [o.n.k.i.DiagnosticsManager] dbms.connector.bolt.enabled=true
2016-05-05 11:16:27.970+0000 INFO  [o.n.k.i.DiagnosticsManager] Diagnostics providers:
2016-05-05 11:16:27.970+0000 INFO  [o.n.k.i.DiagnosticsManager] org.neo4j.kernel.configuration.Config
2016-05-05 11:16:27.970+0000 INFO  [o.n.k.i.DiagnosticsManager] org.neo4j.kernel.info.DiagnosticsManager
2016-05-05 11:16:27.971+0000 INFO  [o.n.k.i.DiagnosticsManager] SYSTEM_MEMORY
2016-05-05 11:16:27.971+0000 INFO  [o.n.k.i.DiagnosticsManager] JAVA_MEMORY
2016-05-05 11:16:27.971+0000 INFO  [o.n.k.i.DiagnosticsManager] OPERATING_SYSTEM
2016-05-05 11:16:27.971+0000 INFO  [o.n.k.i.DiagnosticsManager] JAVA_VIRTUAL_MACHINE
2016-05-05 11:16:27.971+0000 INFO  [o.n.k.i.DiagnosticsManager] CLASSPATH
2016-05-05 11:16:27.971+0000 INFO  [o.n.k.i.DiagnosticsManager] LIBRARY_PATH
2016-05-05 11:16:27.971+0000 INFO  [o.n.k.i.DiagnosticsManager] SYSTEM_PROPERTIES
2016-05-05 11:16:27.971+0000 INFO  [o.n.k.i.DiagnosticsManager] NETWORK
2016-05-05 11:16:27.971+0000 INFO  [o.n.k.i.DiagnosticsManager] System memory information:
2016-05-05 11:16:27.974+0000 INFO  [o.n.k.i.DiagnosticsManager] Total Physical memory: 16.00 GB
2016-05-05 11:16:27.975+0000 INFO  [o.n.k.i.DiagnosticsManager] Free Physical memory: 1.80 GB
2016-05-05 11:16:27.975+0000 INFO  [o.n.k.i.DiagnosticsManager] Committed virtual memory: 7.95 GB
2016-05-05 11:16:27.975+0000 INFO  [o.n.k.i.DiagnosticsManager] Total swap space: 2.00 GB
2016-05-05 11:16:27.976+0000 INFO  [o.n.k.i.DiagnosticsManager] Free swap space: 1.08 GB
2016-05-05 11:16:27.976+0000 INFO  [o.n.k.i.DiagnosticsManager] JVM memory information:
2016-05-05 11:16:27.976+0000 INFO  [o.n.k.i.DiagnosticsManager] Free  memory: 191.41 MB
2016-05-05 11:16:27.976+0000 INFO  [o.n.k.i.DiagnosticsManager] Total memory: 256.00 MB
2016-05-05 11:16:27.976+0000 INFO  [o.n.k.i.DiagnosticsManager] Max   memory: 4.00 GB
2016-05-05 11:16:27.978+0000 INFO  [o.n.k.i.DiagnosticsManager] Garbage Collector: G1 Young Generation: [G1 Eden Space, G1 Survivor Space]
2016-05-05 11:16:27.978+0000 INFO  [o.n.k.i.DiagnosticsManager] Garbage Collector: G1 Old Generation: [G1 Eden Space, G1 Survivor Space, G1 Old Gen]
2016-05-05 11:16:27.979+0000 INFO  [o.n.k.i.DiagnosticsManager] Memory Pool: Code Cache (Non-heap memory): committed=3.63 MB, used=3.57 MB, max=240.00 MB, threshold=0.00 B
2016-05-05 11:16:27.979+0000 INFO  [o.n.k.i.DiagnosticsManager] Memory Pool: Metaspace (Non-heap memory): committed=10.50 MB, used=9.96 MB, max=-1.00 B, threshold=0.00 B
2016-05-05 11:16:27.980+0000 INFO  [o.n.k.i.DiagnosticsManager] Memory Pool: Compressed Class Space (Non-heap memory): committed=1.50 MB, used=1.28 MB, max=1.00 GB, threshold=0.00 B
2016-05-05 11:16:27.980+0000 INFO  [o.n.k.i.DiagnosticsManager] Memory Pool: G1 Eden Space (Heap memory): committed=26.00 MB, used=20.00 MB, max=-1.00 B, threshold=?
2016-05-05 11:16:27.980+0000 INFO  [o.n.k.i.DiagnosticsManager] Memory Pool: G1 Survivor Space (Heap memory): committed=6.00 MB, used=6.00 MB, max=-1.00 B, threshold=?
2016-05-05 11:16:27.980+0000 INFO  [o.n.k.i.DiagnosticsManager] Memory Pool: G1 Old Gen (Heap memory): committed=224.00 MB, used=37.65 MB, max=4.00 GB, threshold=0.00 B
2016-05-05 11:16:27.980+0000 INFO  [o.n.k.i.DiagnosticsManager] Operating system information:
2016-05-05 11:16:27.981+0000 INFO  [o.n.k.i.DiagnosticsManager] Operating System: Mac OS X; version: 10.11.4; arch: x86_64; cpus: 8
2016-05-05 11:16:27.982+0000 INFO  [o.n.k.i.DiagnosticsManager] Max number of file descriptors: 10.00 kB
2016-05-05 11:16:27.982+0000 INFO  [o.n.k.i.DiagnosticsManager] Number of open file descriptors: 91.00 B
2016-05-05 11:16:27.989+0000 INFO  [o.n.k.i.DiagnosticsManager] Process id: 33648@catan-mbp.kalon.int
2016-05-05 11:16:27.989+0000 INFO  [o.n.k.i.DiagnosticsManager] Byte order: LITTLE_ENDIAN
2016-05-05 11:16:27.989+0000 INFO  [o.n.k.i.DiagnosticsManager] Local timezone: Europe/Bucharest
2016-05-05 11:16:27.989+0000 INFO  [o.n.k.i.DiagnosticsManager] JVM information:
2016-05-05 11:16:27.990+0000 INFO  [o.n.k.i.DiagnosticsManager] VM Name: Java HotSpot(TM) 64-Bit Server VM
2016-05-05 11:16:27.990+0000 INFO  [o.n.k.i.DiagnosticsManager] VM Vendor: Oracle Corporation
2016-05-05 11:16:27.990+0000 INFO  [o.n.k.i.DiagnosticsManager] VM Version: 25.65-b01
2016-05-05 11:16:27.990+0000 INFO  [o.n.k.i.DiagnosticsManager] JIT compiler: HotSpot 64-Bit Tiered Compilers
2016-05-05 11:16:27.991+0000 INFO  [o.n.k.i.DiagnosticsManager] VM Arguments: [-XX:+UseG1GC, -XX:-OmitStackTraceInFastThrow, -XX:hashCode=5, -XX:+AlwaysPreTouch, -XX:+UnlockExperimentalVMOptions, -XX:+TrustFinalNonStaticFields, -XX:+DisableExplicitGC, -Dunsupported.dbms.udc.source=tarball, -Dfile.encoding=UTF-8]
2016-05-05 11:16:27.991+0000 INFO  [o.n.k.i.DiagnosticsManager] Java classpath:
2016-05-05 11:16:27.992+0000 INFO  [o.n.k.i.DiagnosticsManager]  [classpath + loader.0] file:/Users/catalin.tanasescu/Projects/snippets/neodb/bin/neo4j-community-3.0.0/lib/bcprov-jdk15on-1.53.jar
2016-05-05 11:16:27.992+0000 INFO  [o.n.k.i.DiagnosticsManager]  [classpath + loader.0] file:/Users/catalin.tanasescu/Projects/snippets/neodb/bin/neo4j-community-3.0.0/plugins/
2016-05-05 11:16:27.992+0000 INFO  [o.n.k.i.DiagnosticsManager]  [bootstrap] /Library/Java/JavaVirtualMachines/jdk1.8.0_65.jdk/Contents/Home/jre/lib/sunrsasign.jar
2016-05-05 11:16:27.992+0000 INFO  [o.n.k.i.DiagnosticsManager]  [classpath + loader.0] file:/Users/catalin.tanasescu/Projects/snippets/neodb/bin/neo4j-community-3.0.0/lib/asm-5.0.2.jar
2016-05-05 11:16:27.992+0000 INFO  [o.n.k.i.DiagnosticsManager]  [classpath + loader.0] file:/Users/catalin.tanasescu/Projects/snippets/neodb/bin/neo4j-community-3.0.0/lib/neo4j-jmx-3.0.0.jar
2016-05-05 11:16:27.992+0000 INFO  [o.n.k.i.DiagnosticsManager]  [bootstrap] /Library/Java/JavaVirtualMachines/jdk1.8.0_65.jdk/Contents/Home/jre/lib/jce.jar
2016-05-05 11:16:27.992+0000 INFO  [o.n.k.i.DiagnosticsManager]  [classpath + loader.0] file:/Users/catalin.tanasescu/Projects/snippets/neodb/bin/neo4j-community-3.0.0/lib/neo4j-cypher-frontend-2.3-2.3.3.jar
2016-05-05 11:16:27.992+0000 INFO  [o.n.k.i.DiagnosticsManager]  [loader.1] file:/Library/Java/JavaVirtualMachines/jdk1.8.0_65.jdk/Contents/Home/jre/lib/ext/sunec.jar
2016-05-05 11:16:27.992+0000 INFO  [o.n.k.i.DiagnosticsManager]  [classpath + loader.0] file:/Users/catalin.tanasescu/Projects/snippets/neodb/bin/neo4j-community-3.0.0/lib/jetty-security-9.2.9.v20150224.jar
2016-05-05 11:16:27.992+0000 INFO  [o.n.k.i.DiagnosticsManager]  [classpath + loader.0] file:/Users/catalin.tanasescu/Projects/snippets/neodb/bin/neo4j-community-3.0.0/lib/jetty-server-9.2.9.v20150224.jar
2016-05-05 11:16:27.992+0000 INFO  [o.n.k.i.DiagnosticsManager]  [classpath + loader.0] file:/Users/catalin.tanasescu/Projects/snippets/neodb/bin/neo4j-community-3.0.0/lib/neo4j-shell-3.0.0.jar
2016-05-05 11:16:27.992+0000 INFO  [o.n.k.i.DiagnosticsManager]  [loader.1] file:/Library/Java/JavaVirtualMachines/jdk1.8.0_65.jdk/Contents/Home/jre/lib/ext/zipfs.jar
2016-05-05 11:16:27.992+0000 INFO  [o.n.k.i.DiagnosticsManager]  [classpath + loader.0] file:/Users/catalin.tanasescu/Projects/snippets/neodb/bin/neo4j-community-3.0.0/lib/netty-all-4.0.28.Final.jar
2016-05-05 11:16:27.992+0000 INFO  [o.n.k.i.DiagnosticsManager]  [classpath + loader.0] file:/Users/catalin.tanasescu/Projects/snippets/neodb/bin/neo4j-community-3.0.0/lib/concurrentlinkedhashmap-lru-1.4.2.jar
2016-05-05 11:16:27.992+0000 INFO  [o.n.k.i.DiagnosticsManager]  [classpath + loader.0] file:/Users/catalin.tanasescu/Projects/snippets/neodb/bin/neo4j-community-3.0.0/lib/jersey-servlet-1.19.jar
2016-05-05 11:16:27.992+0000 INFO  [o.n.k.i.DiagnosticsManager]  [classpath + loader.0] file:/Users/catalin.tanasescu/Projects/snippets/neodb/bin/neo4j-community-3.0.0/lib/neo4j-common-3.0.0.jar
2016-05-05 11:16:27.992+0000 INFO  [o.n.k.i.DiagnosticsManager]  [classpath + loader.0] file:/Users/catalin.tanasescu/Projects/snippets/neodb/bin/neo4j-community-3.0.0/lib/neo4j-consistency-check-3.0.0.jar
2016-05-05 11:16:27.992+0000 INFO  [o.n.k.i.DiagnosticsManager]  [classpath + loader.0] file:/Users/catalin.tanasescu/Projects/snippets/neodb/bin/neo4j-community-3.0.0/lib/commons-logging-1.1.1.jar
2016-05-05 11:16:27.992+0000 INFO  [o.n.k.i.DiagnosticsManager]  [bootstrap] /Library/Java/JavaVirtualMachines/jdk1.8.0_65.jdk/Contents/Home/jre/lib/jsse.jar
2016-05-05 11:16:27.992+0000 INFO  [o.n.k.i.DiagnosticsManager]  [classpath + loader.0] file:/Users/catalin.tanasescu/Projects/snippets/neodb/bin/neo4j-community-3.0.0/lib/jetty-util-9.2.9.v20150224.jar
2016-05-05 11:16:27.992+0000 INFO  [o.n.k.i.DiagnosticsManager]  [bootstrap] /Library/Java/JavaVirtualMachines/jdk1.8.0_65.jdk/Contents/Home/jre/lib/charsets.jar
2016-05-05 11:16:27.992+0000 INFO  [o.n.k.i.DiagnosticsManager]  [classpath + loader.0] file:/Users/catalin.tanasescu/Projects/snippets/neodb/bin/neo4j-community-3.0.0/lib/lucene-codecs-5.5.0.jar
2016-05-05 11:16:27.993+0000 INFO  [o.n.k.i.DiagnosticsManager]  [classpath + loader.0] file:/Users/catalin.tanasescu/Projects/snippets/neodb/bin/neo4j-community-3.0.0/lib/neo4j-resource-3.0.0.jar
2016-05-05 11:16:27.993+0000 INFO  [o.n.k.i.DiagnosticsManager]  [classpath + loader.0] file:/Users/catalin.tanasescu/Projects/snippets/neodb/bin/neo4j-community-3.0.0/lib/commons-lang3-3.3.2.jar
2016-05-05 11:16:27.993+0000 INFO  [o.n.k.i.DiagnosticsManager]  [loader.1] file:/Library/Java/JavaVirtualMachines/jdk1.8.0_65.jdk/Contents/Home/jre/lib/ext/sunpkcs11.jar
2016-05-05 11:16:27.993+0000 INFO  [o.n.k.i.DiagnosticsManager]  [classpath + loader.0] file:/Users/catalin.tanasescu/Projects/snippets/neodb/bin/neo4j-community-3.0.0/lib/bcpkix-jdk15on-1.53.jar
2016-05-05 11:16:27.993+0000 INFO  [o.n.k.i.DiagnosticsManager]  [bootstrap] /Library/Java/JavaVirtualMachines/jdk1.8.0_65.jdk/Contents/Home/jre/lib/rt.jar
2016-05-05 11:16:27.993+0000 INFO  [o.n.k.i.DiagnosticsManager]  [classpath + loader.0] file:/Users/catalin.tanasescu/Projects/snippets/neodb/bin/neo4j-community-3.0.0/lib/neo4j-graphdb-api-3.0.0.jar
2016-05-05 11:16:27.993+0000 INFO  [o.n.k.i.DiagnosticsManager]  [classpath + loader.0] file:/Users/catalin.tanasescu/Projects/snippets/neodb/bin/neo4j-community-3.0.0/lib/jline-2.12.jar
2016-05-05 11:16:27.993+0000 INFO  [o.n.k.i.DiagnosticsManager]  [loader.1] file:/Library/Java/JavaVirtualMachines/jdk1.8.0_65.jdk/Contents/Home/jre/lib/ext/nashorn.jar
2016-05-05 11:16:27.993+0000 INFO  [o.n.k.i.DiagnosticsManager]  [classpath + loader.0] file:/Users/catalin.tanasescu/Projects/snippets/neodb/bin/neo4j-community-3.0.0/lib/neo4j-cypher-compiler-3.0-3.0.0.jar
2016-05-05 11:16:27.993+0000 INFO  [o.n.k.i.DiagnosticsManager]  [loader.1] file:/Library/Java/JavaVirtualMachines/jdk1.8.0_65.jdk/Contents/Home/jre/lib/ext/localedata.jar
2016-05-05 11:16:27.993+0000 INFO  [o.n.k.i.DiagnosticsManager]  [classpath + loader.0] file:/Users/catalin.tanasescu/Projects/snippets/neodb/bin/neo4j-community-3.0.0/lib/jersey-server-1.19.jar
2016-05-05 11:16:27.993+0000 INFO  [o.n.k.i.DiagnosticsManager]  [classpath + loader.0] file:/Users/catalin.tanasescu/Projects/snippets/neodb/bin/neo4j-community-3.0.0/lib/jetty-http-9.2.9.v20150224.jar
2016-05-05 11:16:27.993+0000 INFO  [o.n.k.i.DiagnosticsManager]  [classpath + loader.0] file:/Users/catalin.tanasescu/Projects/snippets/neodb/bin/neo4j-community-3.0.0/lib/jsr311-api-1.1.2.r612.jar
2016-05-05 11:16:27.993+0000 INFO  [o.n.k.i.DiagnosticsManager]  [loader.1] file:/Library/Java/JavaVirtualMachines/jdk1.8.0_65.jdk/Contents/Home/jre/lib/ext/jfxrt.jar
2016-05-05 11:16:27.993+0000 INFO  [o.n.k.i.DiagnosticsManager]  [classpath + loader.0] file:/Users/catalin.tanasescu/Projects/snippets/neodb/bin/neo4j-community-3.0.0/lib/jetty-io-9.2.9.v20150224.jar
2016-05-05 11:16:27.993+0000 INFO  [o.n.k.i.DiagnosticsManager]  [bootstrap] /Library/Java/JavaVirtualMachines/jdk1.8.0_65.jdk/Contents/Home/jre/lib/resources.jar
2016-05-05 11:16:27.993+0000 INFO  [o.n.k.i.DiagnosticsManager]  [loader.1] file:/System/Library/Java/Extensions/MRJToolkit.jar
2016-05-05 11:16:27.993+0000 INFO  [o.n.k.i.DiagnosticsManager]  [classpath + loader.0] file:/Users/catalin.tanasescu/Projects/snippets/neodb/bin/neo4j-community-3.0.0/lib/commons-beanutils-1.8.3.jar
2016-05-05 11:16:27.993+0000 INFO  [o.n.k.i.DiagnosticsManager]  [classpath + loader.0] file:/Users/catalin.tanasescu/Projects/snippets/neodb/bin/neo4j-community-3.0.0/lib/jackson-core-asl-1.9.13.jar
2016-05-05 11:16:27.993+0000 INFO  [o.n.k.i.DiagnosticsManager]  [classpath + loader.0] file:/Users/catalin.tanasescu/Projects/snippets/neodb/bin/neo4j-community-3.0.0/lib/neo4j-bolt-3.0.0.jar
2016-05-05 11:16:27.993+0000 INFO  [o.n.k.i.DiagnosticsManager]  [classpath + loader.0] file:/Users/catalin.tanasescu/Projects/snippets/neodb/bin/neo4j-community-3.0.0/lib/neo4j-lucene-index-3.0.0.jar
2016-05-05 11:16:27.993+0000 INFO  [o.n.k.i.DiagnosticsManager]  [classpath + loader.0] file:/Users/catalin.tanasescu/Projects/snippets/neodb/bin/neo4j-community-3.0.0/lib/jetty-xml-9.2.9.v20150224.jar
2016-05-05 11:16:27.993+0000 INFO  [o.n.k.i.DiagnosticsManager]  [loader.1] file:/Library/Java/JavaVirtualMachines/jdk1.8.0_65.jdk/Contents/Home/jre/lib/ext/cldrdata.jar
2016-05-05 11:16:27.993+0000 INFO  [o.n.k.i.DiagnosticsManager]  [classpath + loader.0] file:/Users/catalin.tanasescu/Projects/snippets/neodb/bin/neo4j-community-3.0.0/lib/scala-reflect-2.11.8.jar
2016-05-05 11:16:27.993+0000 INFO  [o.n.k.i.DiagnosticsManager]  [classpath + loader.0] file:/Users/catalin.tanasescu/Projects/snippets/neodb/bin/neo4j-community-3.0.0/lib/neo4j-unsafe-3.0.0.jar
2016-05-05 11:16:27.993+0000 INFO  [o.n.k.i.DiagnosticsManager]  [classpath + loader.0] file:/Users/catalin.tanasescu/Projects/snippets/neodb/bin/neo4j-community-3.0.0/lib/neo4j-security-3.0.0.jar
2016-05-05 11:16:27.993+0000 INFO  [o.n.k.i.DiagnosticsManager]  [classpath + loader.0] file:/Users/catalin.tanasescu/Projects/snippets/neodb/bin/neo4j-community-3.0.0/lib/neo4j-udc-3.0.0.jar
2016-05-05 11:16:27.993+0000 INFO  [o.n.k.i.DiagnosticsManager]  [classpath + loader.0] file:/Users/catalin.tanasescu/Projects/snippets/neodb/bin/neo4j-community-3.0.0/lib/scala-library-2.11.8.jar
2016-05-05 11:16:27.993+0000 INFO  [o.n.k.i.DiagnosticsManager]  [classpath + loader.0] file:/Users/catalin.tanasescu/Projects/snippets/neodb/bin/neo4j-community-3.0.0/lib/lucene-analyzers-common-5.5.0.jar
2016-05-05 11:16:27.993+0000 INFO  [o.n.k.i.DiagnosticsManager]  [classpath + loader.0] file:/Users/catalin.tanasescu/Projects/snippets/neodb/bin/neo4j-community-3.0.0/lib/neo4j-browser-1.1.4.jar
2016-05-05 11:16:27.993+0000 INFO  [o.n.k.i.DiagnosticsManager]  [classpath + loader.0] file:/Users/catalin.tanasescu/Projects/snippets/neodb/bin/neo4j-community-3.0.0/lib/neo4j-graph-algo-3.0.0.jar
2016-05-05 11:16:27.993+0000 INFO  [o.n.k.i.DiagnosticsManager]  [classpath + loader.0] file:/Users/catalin.tanasescu/Projects/snippets/neodb/bin/neo4j-community-3.0.0/lib/jersey-core-1.19.jar
2016-05-05 11:16:27.993+0000 INFO  [o.n.k.i.DiagnosticsManager]  [classpath + loader.0] file:/Users/catalin.tanasescu/Projects/snippets/neodb/bin/neo4j-community-3.0.0/lib/mimepull-1.9.3.jar
2016-05-05 11:16:27.993+0000 INFO  [o.n.k.i.DiagnosticsManager]  [classpath + loader.0] file:/Users/catalin.tanasescu/Projects/snippets/neodb/bin/neo4j-community-3.0.0/lib/rhino-1.7R4.jar
2016-05-05 11:16:27.993+0000 INFO  [o.n.k.i.DiagnosticsManager]  [classpath + loader.0] file:/Users/catalin.tanasescu/Projects/snippets/neodb/bin/neo4j-community-3.0.0/lib/commons-digester-2.1.jar
2016-05-05 11:16:27.994+0000 INFO  [o.n.k.i.DiagnosticsManager]  [classpath + loader.0] file:/Users/catalin.tanasescu/Projects/snippets/neodb/bin/neo4j-community-3.0.0/lib/jetty-servlet-9.2.9.v20150224.jar
2016-05-05 11:16:27.994+0000 INFO  [o.n.k.i.DiagnosticsManager]  [classpath + loader.0] file:/Users/catalin.tanasescu/Projects/snippets/neodb/bin/neo4j-community-3.0.0/lib/neo4j-codegen-3.0.0.jar
2016-05-05 11:16:27.994+0000 INFO  [o.n.k.i.DiagnosticsManager]  [classpath + loader.0] file:/Users/catalin.tanasescu/Projects/snippets/neodb/bin/neo4j-community-3.0.0/lib/neo4j-primitive-collections-3.0.0.jar
2016-05-05 11:16:27.994+0000 INFO  [o.n.k.i.DiagnosticsManager]  [classpath + loader.0] file:/Users/catalin.tanasescu/Projects/snippets/neodb/bin/neo4j-community-3.0.0/lib/javax.servlet-api-3.1.0.jar
2016-05-05 11:16:27.994+0000 INFO  [o.n.k.i.DiagnosticsManager]  [classpath + loader.0] file:/Users/catalin.tanasescu/Projects/snippets/neodb/bin/neo4j-community-3.0.0/lib/neo4j-csv-3.0.0.jar
2016-05-05 11:16:27.994+0000 INFO  [o.n.k.i.DiagnosticsManager]  [classpath + loader.0] file:/Users/catalin.tanasescu/Projects/snippets/neodb/bin/neo4j-community-3.0.0/lib/parboiled-scala_2.11-1.1.7.jar
2016-05-05 11:16:27.994+0000 INFO  [o.n.k.i.DiagnosticsManager]  [classpath + loader.0] file:/Users/catalin.tanasescu/Projects/snippets/neodb/bin/neo4j-community-3.0.0/lib/commons-io-2.4.jar
2016-05-05 11:16:27.994+0000 INFO  [o.n.k.i.DiagnosticsManager]  [classpath + loader.0] file:/Users/catalin.tanasescu/Projects/snippets/neodb/bin/neo4j-community-3.0.0/lib/neo4j-server-3.0.0.jar
2016-05-05 11:16:27.994+0000 INFO  [o.n.k.i.DiagnosticsManager]  [classpath + loader.0] file:/Users/catalin.tanasescu/Projects/snippets/neodb/bin/neo4j-community-3.0.0/lib/lucene-queryparser-5.5.0.jar
2016-05-05 11:16:27.994+0000 INFO  [o.n.k.i.DiagnosticsManager]  [classpath + loader.0] file:/Users/catalin.tanasescu/Projects/snippets/neodb/bin/neo4j-community-3.0.0/lib/neo4j-kernel-3.0.0.jar
2016-05-05 11:16:27.994+0000 INFO  [o.n.k.i.DiagnosticsManager]  [bootstrap] /Library/Java/JavaVirtualMachines/jdk1.8.0_65.jdk/Contents/Home/jre/classes
2016-05-05 11:16:27.994+0000 INFO  [o.n.k.i.DiagnosticsManager]  [classpath + loader.0] file:/Users/catalin.tanasescu/Projects/snippets/neodb/bin/neo4j-community-3.0.0/lib/neo4j-import-tool-3.0.0.jar
2016-05-05 11:16:27.994+0000 INFO  [o.n.k.i.DiagnosticsManager]  [loader.1] file:/Library/Java/JavaVirtualMachines/jdk1.8.0_65.jdk/Contents/Home/jre/lib/ext/jaccess.jar
2016-05-05 11:16:27.994+0000 INFO  [o.n.k.i.DiagnosticsManager]  [classpath + loader.0] file:/Users/catalin.tanasescu/Projects/snippets/neodb/bin/neo4j-community-3.0.0/lib/neo4j-cypher-3.0.0.jar
2016-05-05 11:16:27.994+0000 INFO  [o.n.k.i.DiagnosticsManager]  [classpath + loader.0] file:/Users/catalin.tanasescu/Projects/snippets/neodb/bin/neo4j-community-3.0.0/lib/neo4j-logging-3.0.0.jar
2016-05-05 11:16:27.994+0000 INFO  [o.n.k.i.DiagnosticsManager]  [classpath + loader.0] file:/Users/catalin.tanasescu/Projects/snippets/neodb/bin/neo4j-community-3.0.0/lib/jackson-jaxrs-1.9.13.jar
2016-05-05 11:16:27.994+0000 INFO  [o.n.k.i.DiagnosticsManager]  [classpath + loader.0] file:/Users/catalin.tanasescu/Projects/snippets/neodb/bin/neo4j-community-3.0.0/lib/server-api-3.0.0.jar
2016-05-05 11:16:27.994+0000 INFO  [o.n.k.i.DiagnosticsManager]  [classpath + loader.0] file:/Users/catalin.tanasescu/Projects/snippets/neodb/bin/neo4j-community-3.0.0/lib/neo4j-cypher-compiler-2.3-2.3.3.jar
2016-05-05 11:16:27.994+0000 INFO  [o.n.k.i.DiagnosticsManager]  [bootstrap] /Library/Java/JavaVirtualMachines/jdk1.8.0_65.jdk/Contents/Home/jre/lib/jfr.jar
2016-05-05 11:16:27.994+0000 INFO  [o.n.k.i.DiagnosticsManager]  [classpath + loader.0] file:/Users/catalin.tanasescu/Projects/snippets/neodb/bin/neo4j-community-3.0.0/lib/neo4j-dbms-3.0.0.jar
2016-05-05 11:16:27.994+0000 INFO  [o.n.k.i.DiagnosticsManager]  [classpath + loader.0] file:/Users/catalin.tanasescu/Projects/snippets/neodb/bin/neo4j-community-3.0.0/plugins/*
2016-05-05 11:16:27.995+0000 INFO  [o.n.k.i.DiagnosticsManager]  [loader.1] file:/Library/Java/JavaVirtualMachines/jdk1.8.0_65.jdk/Contents/Home/jre/lib/ext/dnsns.jar
2016-05-05 11:16:27.995+0000 INFO  [o.n.k.i.DiagnosticsManager]  [classpath + loader.0] file:/Users/catalin.tanasescu/Projects/snippets/neodb/bin/neo4j-community-3.0.0/lib/neo4j-collections-3.0.0.jar
2016-05-05 11:16:27.995+0000 INFO  [o.n.k.i.DiagnosticsManager]  [classpath + loader.0] file:/Users/catalin.tanasescu/Projects/snippets/neodb/bin/neo4j-community-3.0.0/lib/neo4j-lucene-upgrade-3.0.0.jar
2016-05-05 11:16:27.995+0000 INFO  [o.n.k.i.DiagnosticsManager]  [classpath + loader.0] file:/Users/catalin.tanasescu/Projects/snippets/neodb/bin/neo4j-community-3.0.0/conf/
2016-05-05 11:16:27.995+0000 INFO  [o.n.k.i.DiagnosticsManager]  [classpath + loader.0] file:/Users/catalin.tanasescu/Projects/snippets/neodb/bin/neo4j-community-3.0.0/lib/jersey-multipart-1.19.jar
2016-05-05 11:16:27.995+0000 INFO  [o.n.k.i.DiagnosticsManager]  [classpath + loader.0] file:/Users/catalin.tanasescu/Projects/snippets/neodb/bin/neo4j-community-3.0.0/lib/commons-lang-2.6.jar
2016-05-05 11:16:27.995+0000 INFO  [o.n.k.i.DiagnosticsManager]  [classpath + loader.0] file:/Users/catalin.tanasescu/Projects/snippets/neodb/bin/neo4j-community-3.0.0/lib/parboiled-core-1.1.7.jar
2016-05-05 11:16:27.995+0000 INFO  [o.n.k.i.DiagnosticsManager]  [loader.1] file:/Library/Java/JavaVirtualMachines/jdk1.8.0_65.jdk/Contents/Home/jre/lib/ext/sunjce_provider.jar
2016-05-05 11:16:27.995+0000 INFO  [o.n.k.i.DiagnosticsManager]  [classpath + loader.0] file:/Users/catalin.tanasescu/Projects/snippets/neodb/bin/neo4j-community-3.0.0/lib/neo4j-graph-matching-3.0.0.jar
2016-05-05 11:16:27.995+0000 INFO  [o.n.k.i.DiagnosticsManager]  [classpath + loader.0] file:/Users/catalin.tanasescu/Projects/snippets/neodb/bin/neo4j-community-3.0.0/lib/neo4j-io-3.0.0.jar
2016-05-05 11:16:27.995+0000 INFO  [o.n.k.i.DiagnosticsManager]  [classpath + loader.0] file:/Users/catalin.tanasescu/Projects/snippets/neodb/bin/neo4j-community-3.0.0/lib/jetty-webapp-9.2.9.v20150224.jar
2016-05-05 11:16:27.995+0000 INFO  [o.n.k.i.DiagnosticsManager]  [classpath + loader.0] file:/Users/catalin.tanasescu/Projects/snippets/neodb/bin/neo4j-community-3.0.0/lib/commons-configuration-1.10.jar
2016-05-05 11:16:27.995+0000 INFO  [o.n.k.i.DiagnosticsManager]  [classpath + loader.0] file:/Users/catalin.tanasescu/Projects/snippets/neodb/bin/neo4j-community-3.0.0/lib/neo4j-cypher-frontend-3.0-3.0.0.jar
2016-05-05 11:16:27.995+0000 INFO  [o.n.k.i.DiagnosticsManager]  [classpath + loader.0] file:/Users/catalin.tanasescu/Projects/snippets/neodb/bin/neo4j-community-3.0.0/lib/jackson-mapper-asl-1.9.13.jar
2016-05-05 11:16:27.995+0000 INFO  [o.n.k.i.DiagnosticsManager]  [classpath + loader.0] file:/Users/catalin.tanasescu/Projects/snippets/neodb/bin/neo4j-community-3.0.0/lib/lucene-core-5.5.0.jar
2016-05-05 11:16:27.995+0000 INFO  [o.n.k.i.DiagnosticsManager]  [classpath + loader.0] file:/Users/catalin.tanasescu/Projects/snippets/neodb/bin/neo4j-community-3.0.0/lib/opencsv-2.3.jar
2016-05-05 11:16:27.995+0000 INFO  [o.n.k.i.DiagnosticsManager] Library path:
2016-05-05 11:16:27.995+0000 INFO  [o.n.k.i.DiagnosticsManager] /Users/catalin.tanasescu/Library/Java/Extensions
2016-05-05 11:16:27.995+0000 INFO  [o.n.k.i.DiagnosticsManager] /Library/Java/Extensions
2016-05-05 11:16:27.995+0000 INFO  [o.n.k.i.DiagnosticsManager] /Network/Library/Java/Extensions
2016-05-05 11:16:27.996+0000 INFO  [o.n.k.i.DiagnosticsManager] /System/Library/Java/Extensions
2016-05-05 11:16:27.996+0000 INFO  [o.n.k.i.DiagnosticsManager] /usr/lib/java
2016-05-05 11:16:27.996+0000 INFO  [o.n.k.i.DiagnosticsManager] /Users/catalin.tanasescu/Projects/snippets/neodb/bin/neo4j-community-3.0.0
2016-05-05 11:16:27.996+0000 INFO  [o.n.k.i.DiagnosticsManager] System.properties:
2016-05-05 11:16:27.996+0000 INFO  [o.n.k.i.DiagnosticsManager] sun.boot.library.path = /Library/Java/JavaVirtualMachines/jdk1.8.0_65.jdk/Contents/Home/jre/lib
2016-05-05 11:16:27.996+0000 INFO  [o.n.k.i.DiagnosticsManager] user.country.format = RO
2016-05-05 11:16:27.996+0000 INFO  [o.n.k.i.DiagnosticsManager] gopherProxySet = false
2016-05-05 11:16:27.996+0000 INFO  [o.n.k.i.DiagnosticsManager] path.separator = :
2016-05-05 11:16:27.996+0000 INFO  [o.n.k.i.DiagnosticsManager] file.encoding.pkg = sun.io
2016-05-05 11:16:27.996+0000 INFO  [o.n.k.i.DiagnosticsManager] user.country = US
2016-05-05 11:16:27.996+0000 INFO  [o.n.k.i.DiagnosticsManager] sun.java.launcher = SUN_STANDARD
2016-05-05 11:16:27.996+0000 INFO  [o.n.k.i.DiagnosticsManager] sun.os.patch.level = unknown
2016-05-05 11:16:27.996+0000 INFO  [o.n.k.i.DiagnosticsManager] user.dir = /Users/catalin.tanasescu/Projects/snippets/neodb/bin/neo4j-community-3.0.0
2016-05-05 11:16:27.996+0000 INFO  [o.n.k.i.DiagnosticsManager] sun.jnu.encoding = UTF-8
2016-05-05 11:16:27.996+0000 INFO  [o.n.k.i.DiagnosticsManager] unsupported.dbms.udc.source = tarball
2016-05-05 11:16:27.996+0000 INFO  [o.n.k.i.DiagnosticsManager] sun.management.compiler = HotSpot 64-Bit Tiered Compilers
2016-05-05 11:16:27.996+0000 INFO  [o.n.k.i.DiagnosticsManager] http.nonProxyHosts = local|*.local|169.254/16|*.169.254/16
2016-05-05 11:16:27.996+0000 INFO  [o.n.k.i.DiagnosticsManager] user.home = /Users/catalin.tanasescu
2016-05-05 11:16:27.996+0000 INFO  [o.n.k.i.DiagnosticsManager] user.timezone = Europe/Bucharest
2016-05-05 11:16:27.996+0000 INFO  [o.n.k.i.DiagnosticsManager] file.encoding = UTF-8
2016-05-05 11:16:27.996+0000 INFO  [o.n.k.i.DiagnosticsManager] user.name = catalin.tanasescu
2016-05-05 11:16:27.996+0000 INFO  [o.n.k.i.DiagnosticsManager] sun.java.command = org.neo4j.server.CommunityEntryPoint --config-dir=conf
2016-05-05 11:16:27.996+0000 INFO  [o.n.k.i.DiagnosticsManager] sun.arch.data.model = 64
2016-05-05 11:16:27.996+0000 INFO  [o.n.k.i.DiagnosticsManager] user.language = en
2016-05-05 11:16:27.997+0000 INFO  [o.n.k.i.DiagnosticsManager] awt.toolkit = sun.lwawt.macosx.LWCToolkit
2016-05-05 11:16:27.997+0000 INFO  [o.n.k.i.DiagnosticsManager] file.separator = /
2016-05-05 11:16:27.997+0000 INFO  [o.n.k.i.DiagnosticsManager] sun.io.unicode.encoding = UnicodeBig
2016-05-05 11:16:27.997+0000 INFO  [o.n.k.i.DiagnosticsManager] sun.cpu.endian = little
2016-05-05 11:16:27.997+0000 INFO  [o.n.k.i.DiagnosticsManager] socksNonProxyHosts = local|*.local|169.254/16|*.169.254/16
2016-05-05 11:16:27.997+0000 INFO  [o.n.k.i.DiagnosticsManager] ftp.nonProxyHosts = local|*.local|169.254/16|*.169.254/16
2016-05-05 11:16:27.997+0000 INFO  [o.n.k.i.DiagnosticsManager] sun.cpu.isalist = 
2016-05-05 11:16:27.997+0000 INFO  [o.n.k.i.DiagnosticsManager] Network information:
2016-05-05 11:16:28.000+0000 INFO  [o.n.k.i.DiagnosticsManager] Interface en3:
2016-05-05 11:16:28.001+0000 INFO  [o.n.k.i.DiagnosticsManager]     address: 10.4.0.58
2016-05-05 11:16:28.001+0000 INFO  [o.n.k.i.DiagnosticsManager] Interface lo0:
2016-05-05 11:16:28.001+0000 INFO  [o.n.k.i.DiagnosticsManager]     address: 127.0.0.1
2016-05-05 11:16:28.001+0000 INFO  [o.n.k.i.DiagnosticsManager] --- INITIALIZED diagnostics END ---
2016-05-05 11:16:28.504+0000 INFO  [o.n.b.v.r.Sessions] Bolt Server extension loaded.
2016-05-05 11:16:28.505+0000 INFO  [o.n.b.v.r.Sessions] Bolt enabled on 127.0.0.1:6364.
2016-05-05 11:16:28.888+0000 INFO  [o.n.k.a.i.l.LuceneLabelScanStore] No lucene scan store index found, this might just be first use. Preparing to rebuild.
2016-05-05 11:16:29.071+0000 INFO  [o.n.k.NeoStoreDataSource] Opened logical log [/Users/catalin.tanasescu/Projects/snippets/neodb/bin/neo4j-community-3.0.0/data/databases/data/graph.db.6363/neostore.transaction.db.0] version=0, lastTxId=1 (clean)
2016-05-05 11:16:29.078+0000 WARN  [o.n.k.i.s.MetaDataStore] Missing counts store, rebuilding it.
2016-05-05 11:16:29.174+0000 INFO  [o.n.k.a.i.l.LuceneLabelScanStore] Rebuilding lucene scan store, this may take a while
2016-05-05 11:16:29.182+0000 INFO  [o.n.k.a.i.l.LuceneLabelScanStore] Lucene scan store rebuilt (roughly 0 nodes)
2016-05-05 11:16:29.184+0000 INFO  [o.n.k.i.DatabaseHealth] Database health set to OK
2016-05-05 11:16:29.663+0000 INFO  [o.n.k.AvailabilityGuard] Fulfilling of requirement makes database available: Database available
2016-05-05 11:16:29.663+0000 INFO  [o.n.k.i.f.CommunityFacadeFactory] Database is now ready
2016-05-05 11:16:29.664+0000 INFO  [o.n.k.i.DiagnosticsManager] --- STARTED diagnostics for KernelDiagnostics:Versions START ---
2016-05-05 11:16:29.664+0000 INFO  [o.n.k.i.DiagnosticsManager] Graph Database: community single StoreId{creationTime=1462446988742, randomId=-7169494622710674629, storeVersion=15531981201765894, upgradeTime=1462446988742, upgradeId=1}
2016-05-05 11:16:29.664+0000 INFO  [o.n.k.i.DiagnosticsManager] Kernel version: 3.0.0,1c59a0c
2016-05-05 11:16:29.664+0000 INFO  [o.n.k.i.DiagnosticsManager] --- STARTED diagnostics for KernelDiagnostics:Versions END ---
2016-05-05 11:16:29.666+0000 INFO  [o.n.k.i.DiagnosticsManager] --- STARTED diagnostics for NEO_STORE_VERSIONS START ---
2016-05-05 11:16:29.666+0000 INFO  [o.n.k.i.DiagnosticsManager] Store versions:
2016-05-05 11:16:29.666+0000 INFO  [o.n.k.i.DiagnosticsManager] Store versions:
2016-05-05 11:16:29.666+0000 INFO  [o.n.k.i.DiagnosticsManager]   ArrayPropertyStore v0.A.7
2016-05-05 11:16:29.666+0000 INFO  [o.n.k.i.DiagnosticsManager]   NodeStore v0.A.7
2016-05-05 11:16:29.666+0000 INFO  [o.n.k.i.DiagnosticsManager]   StringPropertyStore v0.A.7
2016-05-05 11:16:29.666+0000 INFO  [o.n.k.i.DiagnosticsManager]   PropertyIndexStore v0.A.7
2016-05-05 11:16:29.666+0000 INFO  [o.n.k.i.DiagnosticsManager]   StringPropertyStore v0.A.7
2016-05-05 11:16:29.666+0000 INFO  [o.n.k.i.DiagnosticsManager]   ArrayPropertyStore v0.A.7
2016-05-05 11:16:29.666+0000 INFO  [o.n.k.i.DiagnosticsManager]   PropertyStore v0.A.7
2016-05-05 11:16:29.666+0000 INFO  [o.n.k.i.DiagnosticsManager]   RelationshipStore v0.A.7
2016-05-05 11:16:29.666+0000 INFO  [o.n.k.i.DiagnosticsManager]   StringPropertyStore v0.A.7
2016-05-05 11:16:29.666+0000 INFO  [o.n.k.i.DiagnosticsManager]   RelationshipTypeStore v0.A.7
2016-05-05 11:16:29.666+0000 INFO  [o.n.k.i.DiagnosticsManager]   StringPropertyStore v0.A.7
2016-05-05 11:16:29.666+0000 INFO  [o.n.k.i.DiagnosticsManager]   LabelTokenStore v0.A.7
2016-05-05 11:16:29.666+0000 INFO  [o.n.k.i.DiagnosticsManager]   SchemaStore v0.A.7
2016-05-05 11:16:29.666+0000 INFO  [o.n.k.i.DiagnosticsManager]   RelationshipGroupStore v0.A.7
2016-05-05 11:16:29.666+0000 INFO  [o.n.k.i.DiagnosticsManager]   NeoStore v0.A.7
2016-05-05 11:16:29.666+0000 INFO  [o.n.k.i.DiagnosticsManager] --- STARTED diagnostics for NEO_STORE_VERSIONS END ---
2016-05-05 11:16:29.666+0000 INFO  [o.n.k.i.DiagnosticsManager] --- STARTED diagnostics for NEO_STORE_ID_USAGE START ---
2016-05-05 11:16:29.666+0000 INFO  [o.n.k.i.DiagnosticsManager] Id usage:
2016-05-05 11:16:29.666+0000 INFO  [o.n.k.i.DiagnosticsManager] Id usage:
2016-05-05 11:16:29.667+0000 INFO  [o.n.k.i.DiagnosticsManager]   ArrayPropertyStore: used=1 high=0
2016-05-05 11:16:29.667+0000 INFO  [o.n.k.i.DiagnosticsManager]   NodeStore: used=0 high=-1
2016-05-05 11:16:29.667+0000 INFO  [o.n.k.i.DiagnosticsManager]   StringPropertyStore: used=1 high=0
2016-05-05 11:16:29.667+0000 INFO  [o.n.k.i.DiagnosticsManager]   PropertyIndexStore: used=0 high=-1
2016-05-05 11:16:29.667+0000 INFO  [o.n.k.i.DiagnosticsManager]   StringPropertyStore: used=1 high=0
2016-05-05 11:16:29.667+0000 INFO  [o.n.k.i.DiagnosticsManager]   ArrayPropertyStore: used=1 high=0
2016-05-05 11:16:29.667+0000 INFO  [o.n.k.i.DiagnosticsManager]   PropertyStore: used=0 high=-1
2016-05-05 11:16:29.667+0000 INFO  [o.n.k.i.DiagnosticsManager]   RelationshipStore: used=0 high=-1
2016-05-05 11:16:29.667+0000 INFO  [o.n.k.i.DiagnosticsManager]   StringPropertyStore: used=1 high=0
2016-05-05 11:16:29.667+0000 INFO  [o.n.k.i.DiagnosticsManager]   RelationshipTypeStore: used=0 high=-1
2016-05-05 11:16:29.667+0000 INFO  [o.n.k.i.DiagnosticsManager]   StringPropertyStore: used=1 high=0
2016-05-05 11:16:29.667+0000 INFO  [o.n.k.i.DiagnosticsManager]   LabelTokenStore: used=0 high=-1
2016-05-05 11:16:29.668+0000 INFO  [o.n.k.i.DiagnosticsManager]   SchemaStore: used=1 high=0
2016-05-05 11:16:29.668+0000 INFO  [o.n.k.i.DiagnosticsManager]   RelationshipGroupStore: used=1 high=0
2016-05-05 11:16:29.668+0000 INFO  [o.n.k.i.DiagnosticsManager]   NeoStore: used=13 high=12
2016-05-05 11:16:29.668+0000 INFO  [o.n.k.i.DiagnosticsManager] --- STARTED diagnostics for NEO_STORE_ID_USAGE END ---
2016-05-05 11:16:29.668+0000 INFO  [o.n.k.i.DiagnosticsManager] --- STARTED diagnostics for NEO_STORE_RECORDS START ---
2016-05-05 11:16:29.668+0000 INFO  [o.n.k.i.DiagnosticsManager] Neostore records:
2016-05-05 11:16:29.668+0000 INFO  [o.n.k.i.DiagnosticsManager] TIME (Creation time): 1462446988742
2016-05-05 11:16:29.669+0000 INFO  [o.n.k.i.DiagnosticsManager] RANDOM_NUMBER (Random number for store id): -7169494622710674629
2016-05-05 11:16:29.669+0000 INFO  [o.n.k.i.DiagnosticsManager] LOG_VERSION (Current log version): 0
2016-05-05 11:16:29.669+0000 INFO  [o.n.k.i.DiagnosticsManager] LAST_TRANSACTION_ID (Last committed transaction): 1
2016-05-05 11:16:29.669+0000 INFO  [o.n.k.i.DiagnosticsManager] STORE_VERSION (Store format version): 15531981201765894
2016-05-05 11:16:29.669+0000 INFO  [o.n.k.i.DiagnosticsManager] FIRST_GRAPH_PROPERTY (First property record containing graph properties): -1
2016-05-05 11:16:29.669+0000 INFO  [o.n.k.i.DiagnosticsManager] LAST_CONSTRAINT_TRANSACTION (Last committed transaction containing constraint changes): 0
2016-05-05 11:16:29.669+0000 INFO  [o.n.k.i.DiagnosticsManager] UPGRADE_TRANSACTION_ID (Transaction id most recent upgrade was performed at): 1
2016-05-05 11:16:29.669+0000 INFO  [o.n.k.i.DiagnosticsManager] UPGRADE_TIME (Time of last upgrade): 1462446988742
2016-05-05 11:16:29.669+0000 INFO  [o.n.k.i.DiagnosticsManager] LAST_TRANSACTION_CHECKSUM (Checksum of last committed transaction): 0
2016-05-05 11:16:29.669+0000 INFO  [o.n.k.i.DiagnosticsManager] UPGRADE_TRANSACTION_CHECKSUM (Checksum of transaction id the most recent upgrade was performed at): 0
2016-05-05 11:16:29.669+0000 INFO  [o.n.k.i.DiagnosticsManager] LAST_CLOSED_TRANSACTION_LOG_VERSION (Log version where the last transaction commit entry has been written into): 0
2016-05-05 11:16:29.669+0000 INFO  [o.n.k.i.DiagnosticsManager] LAST_CLOSED_TRANSACTION_LOG_BYTE_OFFSET (Byte offset in the log file where the last transaction commit entry has been written into): 16
2016-05-05 11:16:29.669+0000 INFO  [o.n.k.i.DiagnosticsManager] --- STARTED diagnostics for NEO_STORE_RECORDS END ---
2016-05-05 11:16:29.670+0000 INFO  [o.n.k.i.DiagnosticsManager] --- STARTED diagnostics for TRANSACTION_RANGE START ---
2016-05-05 11:16:29.670+0000 INFO  [o.n.k.i.DiagnosticsManager] Transaction log:
2016-05-05 11:16:29.670+0000 INFO  [o.n.k.i.DiagnosticsManager] No transactions found in any log
2016-05-05 11:16:29.670+0000 INFO  [o.n.k.i.DiagnosticsManager] --- STARTED diagnostics for TRANSACTION_RANGE END ---
2016-05-05 11:16:29.671+0000 INFO  [o.n.k.i.DiagnosticsManager] --- STARTED diagnostics for KernelDiagnostics:StoreFiles START ---
2016-05-05 11:16:29.671+0000 INFO  [o.n.k.i.DiagnosticsManager] Disk space on partition (Total / Free / Free %): 249795969024 / 159362138112 / 63
Storage files: (filename : modification date - size)
2016-05-05 11:16:29.671+0000 INFO  [o.n.k.i.DiagnosticsManager]   index:
2016-05-05 11:16:29.672+0000 INFO  [o.n.k.i.DiagnosticsManager]   - Total: 2016-05-05T14:16:28+0300 - 0.00 B
2016-05-05 11:16:29.672+0000 INFO  [o.n.k.i.DiagnosticsManager]   neostore: 2016-05-05T14:16:28+0300 - 8.00 kB
2016-05-05 11:16:29.672+0000 INFO  [o.n.k.i.DiagnosticsManager]   neostore.counts.db.a: 2016-05-05T14:16:29+0300 - 96.00 B
2016-05-05 11:16:29.672+0000 INFO  [o.n.k.i.DiagnosticsManager]   neostore.id: 2016-05-05T14:16:28+0300 - 9.00 B
2016-05-05 11:16:29.672+0000 INFO  [o.n.k.i.DiagnosticsManager]   neostore.labeltokenstore.db: 2016-05-05T14:16:28+0300 - 0.00 B
2016-05-05 11:16:29.672+0000 INFO  [o.n.k.i.DiagnosticsManager]   neostore.labeltokenstore.db.id: 2016-05-05T14:16:28+0300 - 9.00 B
2016-05-05 11:16:29.673+0000 INFO  [o.n.k.i.DiagnosticsManager]   neostore.labeltokenstore.db.names: 2016-05-05T14:16:28+0300 - 8.00 kB
2016-05-05 11:16:29.673+0000 INFO  [o.n.k.i.DiagnosticsManager]   neostore.labeltokenstore.db.names.id: 2016-05-05T14:16:28+0300 - 9.00 B
2016-05-05 11:16:29.673+0000 INFO  [o.n.k.i.DiagnosticsManager]   neostore.nodestore.db: 2016-05-05T14:16:28+0300 - 0.00 B
2016-05-05 11:16:29.673+0000 INFO  [o.n.k.i.DiagnosticsManager]   neostore.nodestore.db.id: 2016-05-05T14:16:28+0300 - 9.00 B
2016-05-05 11:16:29.673+0000 INFO  [o.n.k.i.DiagnosticsManager]   neostore.nodestore.db.labels: 2016-05-05T14:16:28+0300 - 8.00 kB
2016-05-05 11:16:29.674+0000 INFO  [o.n.k.i.DiagnosticsManager]   neostore.nodestore.db.labels.id: 2016-05-05T14:16:28+0300 - 9.00 B
2016-05-05 11:16:29.674+0000 INFO  [o.n.k.i.DiagnosticsManager]   neostore.propertystore.db: 2016-05-05T14:16:28+0300 - 0.00 B
2016-05-05 11:16:29.674+0000 INFO  [o.n.k.i.DiagnosticsManager]   neostore.propertystore.db.arrays: 2016-05-05T14:16:28+0300 - 8.00 kB
2016-05-05 11:16:29.674+0000 INFO  [o.n.k.i.DiagnosticsManager]   neostore.propertystore.db.arrays.id: 2016-05-05T14:16:28+0300 - 9.00 B
2016-05-05 11:16:29.674+0000 INFO  [o.n.k.i.DiagnosticsManager]   neostore.propertystore.db.id: 2016-05-05T14:16:28+0300 - 9.00 B
2016-05-05 11:16:29.674+0000 INFO  [o.n.k.i.DiagnosticsManager]   neostore.propertystore.db.index: 2016-05-05T14:16:28+0300 - 0.00 B
2016-05-05 11:16:29.674+0000 INFO  [o.n.k.i.DiagnosticsManager]   neostore.propertystore.db.index.id: 2016-05-05T14:16:28+0300 - 9.00 B
2016-05-05 11:16:29.675+0000 INFO  [o.n.k.i.DiagnosticsManager]   neostore.propertystore.db.index.keys: 2016-05-05T14:16:28+0300 - 8.00 kB
2016-05-05 11:16:29.675+0000 INFO  [o.n.k.i.DiagnosticsManager]   neostore.propertystore.db.index.keys.id: 2016-05-05T14:16:28+0300 - 9.00 B
2016-05-05 11:16:29.675+0000 INFO  [o.n.k.i.DiagnosticsManager]   neostore.propertystore.db.strings: 2016-05-05T14:16:28+0300 - 8.00 kB
2016-05-05 11:16:29.675+0000 INFO  [o.n.k.i.DiagnosticsManager]   neostore.propertystore.db.strings.id: 2016-05-05T14:16:28+0300 - 9.00 B
2016-05-05 11:16:29.675+0000 INFO  [o.n.k.i.DiagnosticsManager]   neostore.relationshipgroupstore.db: 2016-05-05T14:16:28+0300 - 8.00 kB
2016-05-05 11:16:29.675+0000 INFO  [o.n.k.i.DiagnosticsManager]   neostore.relationshipgroupstore.db.id: 2016-05-05T14:16:28+0300 - 9.00 B
2016-05-05 11:16:29.675+0000 INFO  [o.n.k.i.DiagnosticsManager]   neostore.relationshipstore.db: 2016-05-05T14:16:28+0300 - 0.00 B
2016-05-05 11:16:29.675+0000 INFO  [o.n.k.i.DiagnosticsManager]   neostore.relationshipstore.db.id: 2016-05-05T14:16:28+0300 - 9.00 B
2016-05-05 11:16:29.676+0000 INFO  [o.n.k.i.DiagnosticsManager]   neostore.relationshiptypestore.db: 2016-05-05T14:16:28+0300 - 0.00 B
2016-05-05 11:16:29.676+0000 INFO  [o.n.k.i.DiagnosticsManager]   neostore.relationshiptypestore.db.id: 2016-05-05T14:16:28+0300 - 9.00 B
2016-05-05 11:16:29.676+0000 INFO  [o.n.k.i.DiagnosticsManager]   neostore.relationshiptypestore.db.names: 2016-05-05T14:16:28+0300 - 8.00 kB
2016-05-05 11:16:29.676+0000 INFO  [o.n.k.i.DiagnosticsManager]   neostore.relationshiptypestore.db.names.id: 2016-05-05T14:16:28+0300 - 9.00 B
2016-05-05 11:16:29.676+0000 INFO  [o.n.k.i.DiagnosticsManager]   neostore.schemastore.db: 2016-05-05T14:16:28+0300 - 8.00 kB
2016-05-05 11:16:29.676+0000 INFO  [o.n.k.i.DiagnosticsManager]   neostore.schemastore.db.id: 2016-05-05T14:16:28+0300 - 9.00 B
2016-05-05 11:16:29.676+0000 INFO  [o.n.k.i.DiagnosticsManager]   neostore.transaction.db.0: 2016-05-05T14:16:29+0300 - 16.00 B
2016-05-05 11:16:29.676+0000 INFO  [o.n.k.i.DiagnosticsManager]   schema:
2016-05-05 11:16:29.676+0000 INFO  [o.n.k.i.DiagnosticsManager]     label:
2016-05-05 11:16:29.676+0000 INFO  [o.n.k.i.DiagnosticsManager]       lucene:
2016-05-05 11:16:29.677+0000 INFO  [o.n.k.i.DiagnosticsManager]         labelStore:
2016-05-05 11:16:29.677+0000 INFO  [o.n.k.i.DiagnosticsManager]           1:
2016-05-05 11:16:29.677+0000 INFO  [o.n.k.i.DiagnosticsManager]             write.lock: 2016-05-05T14:16:29+0300 - 0.00 B
2016-05-05 11:16:29.677+0000 INFO  [o.n.k.i.DiagnosticsManager]           - Total: 2016-05-05T14:16:29+0300 - 0.00 B
2016-05-05 11:16:29.677+0000 INFO  [o.n.k.i.DiagnosticsManager]           failure-message: 2016-05-05T14:16:28+0300 - 16.00 kB
2016-05-05 11:16:29.677+0000 INFO  [o.n.k.i.DiagnosticsManager]         - Total: 2016-05-05T14:16:28+0300 - 16.00 kB
2016-05-05 11:16:29.677+0000 INFO  [o.n.k.i.DiagnosticsManager]       - Total: 2016-05-05T14:16:28+0300 - 16.00 kB
2016-05-05 11:16:29.677+0000 INFO  [o.n.k.i.DiagnosticsManager]     - Total: 2016-05-05T14:16:28+0300 - 16.00 kB
2016-05-05 11:16:29.678+0000 INFO  [o.n.k.i.DiagnosticsManager]   - Total: 2016-05-05T14:16:28+0300 - 16.00 kB
2016-05-05 11:16:29.678+0000 INFO  [o.n.k.i.DiagnosticsManager]   store_lock: 2016-05-05T14:16:28+0300 - 0.00 B
2016-05-05 11:16:29.678+0000 INFO  [o.n.k.i.DiagnosticsManager] --- STARTED diagnostics for KernelDiagnostics:StoreFiles END ---
2016-05-05 11:16:31.335+0000 INFO  [o.n.k.i.DiagnosticsManager] --- SERVER STARTED START ---
2016-05-05 11:16:32.361+0000 INFO  [o.n.k.i.DiagnosticsManager] --- SERVER STARTED END ---
2016-05-05 11:16:32.381+0000 INFO  [o.n.k.i.f.CommunityFacadeFactory] Shutdown started
2016-05-05 11:16:32.381+0000 INFO  [o.n.k.i.f.CommunityFacadeFactory] Database is now unavailable
2016-05-05 11:16:32.386+0000 INFO  [o.n.k.i.t.l.c.CheckPointerImpl] Check Pointing triggered by database shutdown [1]:  Starting check pointing...
2016-05-05 11:16:32.386+0000 INFO  [o.n.k.i.t.l.c.CheckPointerImpl] Check Pointing triggered by database shutdown [1]:  Starting store flush...
2016-05-05 11:16:32.401+0000 INFO  [o.n.k.i.t.l.c.CheckPointerImpl] Check Pointing triggered by database shutdown [1]:  Store flush completed
2016-05-05 11:16:32.401+0000 INFO  [o.n.k.i.t.l.c.CheckPointerImpl] Check Pointing triggered by database shutdown [1]:  Starting appending check point entry into the tx log...
2016-05-05 11:16:32.402+0000 INFO  [o.n.k.i.t.l.c.CheckPointerImpl] Check Pointing triggered by database shutdown [1]:  Appending check point entry into the tx log completed
2016-05-05 11:16:32.402+0000 INFO  [o.n.k.i.t.l.c.CheckPointerImpl] Check Pointing triggered by database shutdown [1]:  Check pointing completed
2016-05-05 11:16:32.402+0000 INFO  [o.n.k.i.t.l.p.LogPruningImpl] Log Rotation [0]:  Starting log pruning.
2016-05-05 11:16:32.403+0000 INFO  [o.n.k.i.t.l.p.LogPruningImpl] Log Rotation [0]:  Log pruning complete.
2016-05-05 11:16:32.417+0000 INFO  [o.n.k.i.DiagnosticsManager] --- STOPPING diagnostics START ---
2016-05-05 11:16:32.417+0000 INFO  [o.n.k.i.DiagnosticsManager] --- STOPPING diagnostics END ---
